<?xml version="1.0" encoding="UTF-8"?>
<testsuite xmlns:xsi="http://www.w3.org/2001/XMLSchema-instance" xsi:noNamespaceSchemaLocation="https://maven.apache.org/surefire/maven-surefire-plugin/xsd/surefire-test-report.xsd" name="com.springcurso.repository.ResquestStageRepositoryTests" time="0.067" tests="2" errors="0" skipped="0" failures="1">
  <properties>
    <property name="gopherProxySet" value="false"/>
    <property name="awt.toolkit" value="sun.lwawt.macosx.LWCToolkit"/>
    <property name="file.encoding.pkg" value="sun.io"/>
    <property name="java.specification.version" value="1.8"/>
    <property name="sun.cpu.isalist" value=""/>
    <property name="sun.jnu.encoding" value="UTF-8"/>
    <property name="java.class.path" value="/Users/jonatasmacedo/eclipse-workspace/projetos/spring-curso/spring-curso/target/test-classes:/Users/jonatasmacedo/eclipse-workspace/projetos/spring-curso/spring-curso/target/classes:/Users/jonatasmacedo/.m2/repository/org/springframework/boot/spring-boot-starter-data-jpa/2.2.2.RELEASE/spring-boot-starter-data-jpa-2.2.2.RELEASE.jar:/Users/jonatasmacedo/.m2/repository/org/springframework/boot/spring-boot-starter-aop/2.2.2.RELEASE/spring-boot-starter-aop-2.2.2.RELEASE.jar:/Users/jonatasmacedo/.m2/repository/org/aspectj/aspectjweaver/1.9.5/aspectjweaver-1.9.5.jar:/Users/jonatasmacedo/.m2/repository/org/springframework/boot/spring-boot-starter-jdbc/2.2.2.RELEASE/spring-boot-starter-jdbc-2.2.2.RELEASE.jar:/Users/jonatasmacedo/.m2/repository/com/zaxxer/HikariCP/3.4.1/HikariCP-3.4.1.jar:/Users/jonatasmacedo/.m2/repository/org/springframework/spring-jdbc/5.2.2.RELEASE/spring-jdbc-5.2.2.RELEASE.jar:/Users/jonatasmacedo/.m2/repository/jakarta/activation/jakarta.activation-api/1.2.1/jakarta.activation-api-1.2.1.jar:/Users/jonatasmacedo/.m2/repository/jakarta/persistence/jakarta.persistence-api/2.2.3/jakarta.persistence-api-2.2.3.jar:/Users/jonatasmacedo/.m2/repository/jakarta/transaction/jakarta.transaction-api/1.3.3/jakarta.transaction-api-1.3.3.jar:/Users/jonatasmacedo/.m2/repository/org/hibernate/hibernate-core/5.4.9.Final/hibernate-core-5.4.9.Final.jar:/Users/jonatasmacedo/.m2/repository/org/jboss/logging/jboss-logging/3.4.1.Final/jboss-logging-3.4.1.Final.jar:/Users/jonatasmacedo/.m2/repository/org/javassist/javassist/3.24.0-GA/javassist-3.24.0-GA.jar:/Users/jonatasmacedo/.m2/repository/net/bytebuddy/byte-buddy/1.10.4/byte-buddy-1.10.4.jar:/Users/jonatasmacedo/.m2/repository/antlr/antlr/2.7.7/antlr-2.7.7.jar:/Users/jonatasmacedo/.m2/repository/org/jboss/jandex/2.1.1.Final/jandex-2.1.1.Final.jar:/Users/jonatasmacedo/.m2/repository/com/fasterxml/classmate/1.5.1/classmate-1.5.1.jar:/Users/jonatasmacedo/.m2/repository/org/dom4j/dom4j/2.1.1/dom4j-2.1.1.jar:/Users/jonatasmacedo/.m2/repository/org/hibernate/common/hibernate-commons-annotations/5.1.0.Final/hibernate-commons-annotations-5.1.0.Final.jar:/Users/jonatasmacedo/.m2/repository/org/glassfish/jaxb/jaxb-runtime/2.3.2/jaxb-runtime-2.3.2.jar:/Users/jonatasmacedo/.m2/repository/org/glassfish/jaxb/txw2/2.3.2/txw2-2.3.2.jar:/Users/jonatasmacedo/.m2/repository/com/sun/istack/istack-commons-runtime/3.0.8/istack-commons-runtime-3.0.8.jar:/Users/jonatasmacedo/.m2/repository/org/jvnet/staxex/stax-ex/1.8.1/stax-ex-1.8.1.jar:/Users/jonatasmacedo/.m2/repository/com/sun/xml/fastinfoset/FastInfoset/1.2.16/FastInfoset-1.2.16.jar:/Users/jonatasmacedo/.m2/repository/org/springframework/spring-aspects/5.2.2.RELEASE/spring-aspects-5.2.2.RELEASE.jar:/Users/jonatasmacedo/.m2/repository/org/springframework/data/spring-data-jpa/2.2.3.RELEASE/spring-data-jpa-2.2.3.RELEASE.jar:/Users/jonatasmacedo/.m2/repository/org/springframework/data/spring-data-commons/2.2.3.RELEASE/spring-data-commons-2.2.3.RELEASE.jar:/Users/jonatasmacedo/.m2/repository/org/springframework/spring-orm/5.2.2.RELEASE/spring-orm-5.2.2.RELEASE.jar:/Users/jonatasmacedo/.m2/repository/org/springframework/spring-context/5.2.2.RELEASE/spring-context-5.2.2.RELEASE.jar:/Users/jonatasmacedo/.m2/repository/org/springframework/spring-expression/5.2.2.RELEASE/spring-expression-5.2.2.RELEASE.jar:/Users/jonatasmacedo/.m2/repository/org/springframework/spring-aop/5.2.2.RELEASE/spring-aop-5.2.2.RELEASE.jar:/Users/jonatasmacedo/.m2/repository/org/springframework/spring-tx/5.2.2.RELEASE/spring-tx-5.2.2.RELEASE.jar:/Users/jonatasmacedo/.m2/repository/org/springframework/spring-beans/5.2.2.RELEASE/spring-beans-5.2.2.RELEASE.jar:/Users/jonatasmacedo/.m2/repository/org/springframework/spring-core/5.2.2.RELEASE/spring-core-5.2.2.RELEASE.jar:/Users/jonatasmacedo/.m2/repository/org/springframework/spring-jcl/5.2.2.RELEASE/spring-jcl-5.2.2.RELEASE.jar:/Users/jonatasmacedo/.m2/repository/org/aspectj/aspectjrt/1.9.5/aspectjrt-1.9.5.jar:/Users/jonatasmacedo/.m2/repository/org/slf4j/slf4j-api/1.7.29/slf4j-api-1.7.29.jar:/Users/jonatasmacedo/.m2/repository/org/springframework/boot/spring-boot-devtools/2.2.2.RELEASE/spring-boot-devtools-2.2.2.RELEASE.jar:/Users/jonatasmacedo/.m2/repository/org/springframework/boot/spring-boot/2.2.2.RELEASE/spring-boot-2.2.2.RELEASE.jar:/Users/jonatasmacedo/.m2/repository/org/springframework/boot/spring-boot-autoconfigure/2.2.2.RELEASE/spring-boot-autoconfigure-2.2.2.RELEASE.jar:/Users/jonatasmacedo/.m2/repository/org/postgresql/postgresql/42.2.8/postgresql-42.2.8.jar:/Users/jonatasmacedo/.m2/repository/org/projectlombok/lombok/1.18.10/lombok-1.18.10.jar:/Users/jonatasmacedo/.m2/repository/org/springframework/boot/spring-boot-starter-test/2.2.2.RELEASE/spring-boot-starter-test-2.2.2.RELEASE.jar:/Users/jonatasmacedo/.m2/repository/org/springframework/boot/spring-boot-starter/2.2.2.RELEASE/spring-boot-starter-2.2.2.RELEASE.jar:/Users/jonatasmacedo/.m2/repository/org/springframework/boot/spring-boot-starter-logging/2.2.2.RELEASE/spring-boot-starter-logging-2.2.2.RELEASE.jar:/Users/jonatasmacedo/.m2/repository/ch/qos/logback/logback-classic/1.2.3/logback-classic-1.2.3.jar:/Users/jonatasmacedo/.m2/repository/ch/qos/logback/logback-core/1.2.3/logback-core-1.2.3.jar:/Users/jonatasmacedo/.m2/repository/org/apache/logging/log4j/log4j-to-slf4j/2.12.1/log4j-to-slf4j-2.12.1.jar:/Users/jonatasmacedo/.m2/repository/org/apache/logging/log4j/log4j-api/2.12.1/log4j-api-2.12.1.jar:/Users/jonatasmacedo/.m2/repository/org/slf4j/jul-to-slf4j/1.7.29/jul-to-slf4j-1.7.29.jar:/Users/jonatasmacedo/.m2/repository/org/yaml/snakeyaml/1.25/snakeyaml-1.25.jar:/Users/jonatasmacedo/.m2/repository/org/springframework/boot/spring-boot-test/2.2.2.RELEASE/spring-boot-test-2.2.2.RELEASE.jar:/Users/jonatasmacedo/.m2/repository/org/springframework/boot/spring-boot-test-autoconfigure/2.2.2.RELEASE/spring-boot-test-autoconfigure-2.2.2.RELEASE.jar:/Users/jonatasmacedo/.m2/repository/com/jayway/jsonpath/json-path/2.4.0/json-path-2.4.0.jar:/Users/jonatasmacedo/.m2/repository/net/minidev/json-smart/2.3/json-smart-2.3.jar:/Users/jonatasmacedo/.m2/repository/net/minidev/accessors-smart/1.2/accessors-smart-1.2.jar:/Users/jonatasmacedo/.m2/repository/org/ow2/asm/asm/5.0.4/asm-5.0.4.jar:/Users/jonatasmacedo/.m2/repository/jakarta/xml/bind/jakarta.xml.bind-api/2.3.2/jakarta.xml.bind-api-2.3.2.jar:/Users/jonatasmacedo/.m2/repository/org/junit/jupiter/junit-jupiter/5.5.2/junit-jupiter-5.5.2.jar:/Users/jonatasmacedo/.m2/repository/org/junit/jupiter/junit-jupiter-api/5.5.2/junit-jupiter-api-5.5.2.jar:/Users/jonatasmacedo/.m2/repository/org/opentest4j/opentest4j/1.2.0/opentest4j-1.2.0.jar:/Users/jonatasmacedo/.m2/repository/org/junit/platform/junit-platform-commons/1.5.2/junit-platform-commons-1.5.2.jar:/Users/jonatasmacedo/.m2/repository/org/junit/jupiter/junit-jupiter-params/5.5.2/junit-jupiter-params-5.5.2.jar:/Users/jonatasmacedo/.m2/repository/org/junit/jupiter/junit-jupiter-engine/5.5.2/junit-jupiter-engine-5.5.2.jar:/Users/jonatasmacedo/.m2/repository/org/junit/vintage/junit-vintage-engine/5.5.2/junit-vintage-engine-5.5.2.jar:/Users/jonatasmacedo/.m2/repository/org/apiguardian/apiguardian-api/1.1.0/apiguardian-api-1.1.0.jar:/Users/jonatasmacedo/.m2/repository/org/junit/platform/junit-platform-engine/1.5.2/junit-platform-engine-1.5.2.jar:/Users/jonatasmacedo/.m2/repository/junit/junit/4.12/junit-4.12.jar:/Users/jonatasmacedo/.m2/repository/org/mockito/mockito-junit-jupiter/3.1.0/mockito-junit-jupiter-3.1.0.jar:/Users/jonatasmacedo/.m2/repository/org/assertj/assertj-core/3.13.2/assertj-core-3.13.2.jar:/Users/jonatasmacedo/.m2/repository/org/hamcrest/hamcrest/2.1/hamcrest-2.1.jar:/Users/jonatasmacedo/.m2/repository/org/mockito/mockito-core/3.1.0/mockito-core-3.1.0.jar:/Users/jonatasmacedo/.m2/repository/net/bytebuddy/byte-buddy-agent/1.10.4/byte-buddy-agent-1.10.4.jar:/Users/jonatasmacedo/.m2/repository/org/objenesis/objenesis/2.6/objenesis-2.6.jar:/Users/jonatasmacedo/.m2/repository/org/skyscreamer/jsonassert/1.5.0/jsonassert-1.5.0.jar:/Users/jonatasmacedo/.m2/repository/com/vaadin/external/google/android-json/0.0.20131108.vaadin1/android-json-0.0.20131108.vaadin1.jar:/Users/jonatasmacedo/.m2/repository/org/springframework/spring-test/5.2.2.RELEASE/spring-test-5.2.2.RELEASE.jar:/Users/jonatasmacedo/.m2/repository/org/xmlunit/xmlunit-core/2.6.3/xmlunit-core-2.6.3.jar:/Users/jonatasmacedo/.m2/repository/commons-codec/commons-codec/1.13/commons-codec-1.13.jar:/Users/jonatasmacedo/.m2/repository/org/hibernate/hibernate-annotations/3.5.6-Final/hibernate-annotations-3.5.6-Final.jar:/Users/jonatasmacedo/.m2/repository/org/hibernate/hibernate-commons-annotations/3.2.0.Final/hibernate-commons-annotations-3.2.0.Final.jar:/Users/jonatasmacedo/.m2/repository/org/hibernate/javax/persistence/hibernate-jpa-2.0-api/1.0.0.Final/hibernate-jpa-2.0-api-1.0.0.Final.jar:/Users/jonatasmacedo/.m2/repository/org/springframework/boot/spring-boot-starter-web/2.2.2.RELEASE/spring-boot-starter-web-2.2.2.RELEASE.jar:/Users/jonatasmacedo/.m2/repository/org/springframework/boot/spring-boot-starter-json/2.2.2.RELEASE/spring-boot-starter-json-2.2.2.RELEASE.jar:/Users/jonatasmacedo/.m2/repository/com/fasterxml/jackson/datatype/jackson-datatype-jdk8/2.10.1/jackson-datatype-jdk8-2.10.1.jar:/Users/jonatasmacedo/.m2/repository/com/fasterxml/jackson/datatype/jackson-datatype-jsr310/2.10.1/jackson-datatype-jsr310-2.10.1.jar:/Users/jonatasmacedo/.m2/repository/com/fasterxml/jackson/module/jackson-module-parameter-names/2.10.1/jackson-module-parameter-names-2.10.1.jar:/Users/jonatasmacedo/.m2/repository/org/springframework/boot/spring-boot-starter-validation/2.2.2.RELEASE/spring-boot-starter-validation-2.2.2.RELEASE.jar:/Users/jonatasmacedo/.m2/repository/jakarta/validation/jakarta.validation-api/2.0.1/jakarta.validation-api-2.0.1.jar:/Users/jonatasmacedo/.m2/repository/org/hibernate/validator/hibernate-validator/6.0.18.Final/hibernate-validator-6.0.18.Final.jar:/Users/jonatasmacedo/.m2/repository/org/springframework/spring-web/5.2.2.RELEASE/spring-web-5.2.2.RELEASE.jar:/Users/jonatasmacedo/.m2/repository/org/springframework/spring-webmvc/5.2.2.RELEASE/spring-webmvc-5.2.2.RELEASE.jar:/Users/jonatasmacedo/.m2/repository/org/springframework/boot/spring-boot-starter-tomcat/2.2.2.RELEASE/spring-boot-starter-tomcat-2.2.2.RELEASE.jar:/Users/jonatasmacedo/.m2/repository/jakarta/annotation/jakarta.annotation-api/1.3.5/jakarta.annotation-api-1.3.5.jar:/Users/jonatasmacedo/.m2/repository/org/apache/tomcat/embed/tomcat-embed-core/9.0.29/tomcat-embed-core-9.0.29.jar:/Users/jonatasmacedo/.m2/repository/org/apache/tomcat/embed/tomcat-embed-el/9.0.29/tomcat-embed-el-9.0.29.jar:/Users/jonatasmacedo/.m2/repository/org/apache/tomcat/embed/tomcat-embed-websocket/9.0.29/tomcat-embed-websocket-9.0.29.jar:/Users/jonatasmacedo/.m2/repository/io/jsonwebtoken/jjwt/0.9.1/jjwt-0.9.1.jar:/Users/jonatasmacedo/.m2/repository/com/fasterxml/jackson/core/jackson-databind/2.10.1/jackson-databind-2.10.1.jar:/Users/jonatasmacedo/.m2/repository/com/fasterxml/jackson/core/jackson-annotations/2.10.1/jackson-annotations-2.10.1.jar:/Users/jonatasmacedo/.m2/repository/com/fasterxml/jackson/core/jackson-core/2.10.1/jackson-core-2.10.1.jar:/Users/jonatasmacedo/.m2/repository/com/amazonaws/aws-java-sdk/1.11.651/aws-java-sdk-1.11.651.jar:/Users/jonatasmacedo/.m2/repository/com/amazonaws/aws-java-sdk-workmailmessageflow/1.11.651/aws-java-sdk-workmailmessageflow-1.11.651.jar:/Users/jonatasmacedo/.m2/repository/com/amazonaws/jmespath-java/1.11.651/jmespath-java-1.11.651.jar:/Users/jonatasmacedo/.m2/repository/com/amazonaws/aws-java-sdk-qldbsession/1.11.651/aws-java-sdk-qldbsession-1.11.651.jar:/Users/jonatasmacedo/.m2/repository/com/amazonaws/aws-java-sdk-qldb/1.11.651/aws-java-sdk-qldb-1.11.651.jar:/Users/jonatasmacedo/.m2/repository/com/amazonaws/aws-java-sdk-forecastquery/1.11.651/aws-java-sdk-forecastquery-1.11.651.jar:/Users/jonatasmacedo/.m2/repository/com/amazonaws/aws-java-sdk-forecast/1.11.651/aws-java-sdk-forecast-1.11.651.jar:/Users/jonatasmacedo/.m2/repository/com/amazonaws/aws-java-sdk-lakeformation/1.11.651/aws-java-sdk-lakeformation-1.11.651.jar:/Users/jonatasmacedo/.m2/repository/com/amazonaws/aws-java-sdk-eventbridge/1.11.651/aws-java-sdk-eventbridge-1.11.651.jar:/Users/jonatasmacedo/.m2/repository/com/amazonaws/aws-java-sdk-ec2instanceconnect/1.11.651/aws-java-sdk-ec2instanceconnect-1.11.651.jar:/Users/jonatasmacedo/.m2/repository/com/amazonaws/aws-java-sdk-applicationinsights/1.11.651/aws-java-sdk-applicationinsights-1.11.651.jar:/Users/jonatasmacedo/.m2/repository/com/amazonaws/aws-java-sdk-servicequotas/1.11.651/aws-java-sdk-servicequotas-1.11.651.jar:/Users/jonatasmacedo/.m2/repository/com/amazonaws/aws-java-sdk-personalizeevents/1.11.651/aws-java-sdk-personalizeevents-1.11.651.jar:/Users/jonatasmacedo/.m2/repository/com/amazonaws/aws-java-sdk-personalize/1.11.651/aws-java-sdk-personalize-1.11.651.jar:/Users/jonatasmacedo/.m2/repository/com/amazonaws/aws-java-sdk-personalizeruntime/1.11.651/aws-java-sdk-personalizeruntime-1.11.651.jar:/Users/jonatasmacedo/.m2/repository/com/amazonaws/aws-java-sdk-ioteventsdata/1.11.651/aws-java-sdk-ioteventsdata-1.11.651.jar:/Users/jonatasmacedo/.m2/repository/com/amazonaws/aws-java-sdk-iotevents/1.11.651/aws-java-sdk-iotevents-1.11.651.jar:/Users/jonatasmacedo/.m2/repository/com/amazonaws/aws-java-sdk-iotthingsgraph/1.11.651/aws-java-sdk-iotthingsgraph-1.11.651.jar:/Users/jonatasmacedo/.m2/repository/com/amazonaws/aws-java-sdk-groundstation/1.11.651/aws-java-sdk-groundstation-1.11.651.jar:/Users/jonatasmacedo/.m2/repository/com/amazonaws/aws-java-sdk-mediapackagevod/1.11.651/aws-java-sdk-mediapackagevod-1.11.651.jar:/Users/jonatasmacedo/.m2/repository/com/amazonaws/aws-java-sdk-managedblockchain/1.11.651/aws-java-sdk-managedblockchain-1.11.651.jar:/Users/jonatasmacedo/.m2/repository/com/amazonaws/aws-java-sdk-textract/1.11.651/aws-java-sdk-textract-1.11.651.jar:/Users/jonatasmacedo/.m2/repository/com/amazonaws/aws-java-sdk-worklink/1.11.651/aws-java-sdk-worklink-1.11.651.jar:/Users/jonatasmacedo/.m2/repository/com/amazonaws/aws-java-sdk-backup/1.11.651/aws-java-sdk-backup-1.11.651.jar:/Users/jonatasmacedo/.m2/repository/com/amazonaws/aws-java-sdk-docdb/1.11.651/aws-java-sdk-docdb-1.11.651.jar:/Users/jonatasmacedo/.m2/repository/com/amazonaws/aws-java-sdk-apigatewayv2/1.11.651/aws-java-sdk-apigatewayv2-1.11.651.jar:/Users/jonatasmacedo/.m2/repository/com/amazonaws/aws-java-sdk-apigatewaymanagementapi/1.11.651/aws-java-sdk-apigatewaymanagementapi-1.11.651.jar:/Users/jonatasmacedo/.m2/repository/com/amazonaws/aws-java-sdk-kafka/1.11.651/aws-java-sdk-kafka-1.11.651.jar:/Users/jonatasmacedo/.m2/repository/com/amazonaws/aws-java-sdk-appmesh/1.11.651/aws-java-sdk-appmesh-1.11.651.jar:/Users/jonatasmacedo/.m2/repository/com/amazonaws/aws-java-sdk-licensemanager/1.11.651/aws-java-sdk-licensemanager-1.11.651.jar:/Users/jonatasmacedo/.m2/repository/com/amazonaws/aws-java-sdk-securityhub/1.11.651/aws-java-sdk-securityhub-1.11.651.jar:/Users/jonatasmacedo/.m2/repository/com/amazonaws/aws-java-sdk-fsx/1.11.651/aws-java-sdk-fsx-1.11.651.jar:/Users/jonatasmacedo/.m2/repository/com/amazonaws/aws-java-sdk-mediaconnect/1.11.651/aws-java-sdk-mediaconnect-1.11.651.jar:/Users/jonatasmacedo/.m2/repository/com/amazonaws/aws-java-sdk-kinesisanalyticsv2/1.11.651/aws-java-sdk-kinesisanalyticsv2-1.11.651.jar:/Users/jonatasmacedo/.m2/repository/com/amazonaws/aws-java-sdk-comprehendmedical/1.11.651/aws-java-sdk-comprehendmedical-1.11.651.jar:/Users/jonatasmacedo/.m2/repository/com/amazonaws/aws-java-sdk-globalaccelerator/1.11.651/aws-java-sdk-globalaccelerator-1.11.651.jar:/Users/jonatasmacedo/.m2/repository/com/amazonaws/aws-java-sdk-transfer/1.11.651/aws-java-sdk-transfer-1.11.651.jar:/Users/jonatasmacedo/.m2/repository/com/amazonaws/aws-java-sdk-datasync/1.11.651/aws-java-sdk-datasync-1.11.651.jar:/Users/jonatasmacedo/.m2/repository/com/amazonaws/aws-java-sdk-robomaker/1.11.651/aws-java-sdk-robomaker-1.11.651.jar:/Users/jonatasmacedo/.m2/repository/com/amazonaws/aws-java-sdk-amplify/1.11.651/aws-java-sdk-amplify-1.11.651.jar:/Users/jonatasmacedo/.m2/repository/com/amazonaws/aws-java-sdk-quicksight/1.11.651/aws-java-sdk-quicksight-1.11.651.jar:/Users/jonatasmacedo/.m2/repository/com/amazonaws/aws-java-sdk-rdsdata/1.11.651/aws-java-sdk-rdsdata-1.11.651.jar:/Users/jonatasmacedo/.m2/repository/com/amazonaws/aws-java-sdk-route53resolver/1.11.651/aws-java-sdk-route53resolver-1.11.651.jar:/Users/jonatasmacedo/.m2/repository/com/amazonaws/aws-java-sdk-ram/1.11.651/aws-java-sdk-ram-1.11.651.jar:/Users/jonatasmacedo/.m2/repository/com/amazonaws/aws-java-sdk-s3control/1.11.651/aws-java-sdk-s3control-1.11.651.jar:/Users/jonatasmacedo/.m2/repository/com/amazonaws/aws-java-sdk-pinpointsmsvoice/1.11.651/aws-java-sdk-pinpointsmsvoice-1.11.651.jar:/Users/jonatasmacedo/.m2/repository/com/amazonaws/aws-java-sdk-pinpointemail/1.11.651/aws-java-sdk-pinpointemail-1.11.651.jar:/Users/jonatasmacedo/.m2/repository/com/amazonaws/aws-java-sdk-chime/1.11.651/aws-java-sdk-chime-1.11.651.jar:/Users/jonatasmacedo/.m2/repository/com/amazonaws/aws-java-sdk-signer/1.11.651/aws-java-sdk-signer-1.11.651.jar:/Users/jonatasmacedo/.m2/repository/com/amazonaws/aws-java-sdk-dlm/1.11.651/aws-java-sdk-dlm-1.11.651.jar:/Users/jonatasmacedo/.m2/repository/com/amazonaws/aws-java-sdk-macie/1.11.651/aws-java-sdk-macie-1.11.651.jar:/Users/jonatasmacedo/.m2/repository/com/amazonaws/aws-java-sdk-eks/1.11.651/aws-java-sdk-eks-1.11.651.jar:/Users/jonatasmacedo/.m2/repository/com/amazonaws/aws-java-sdk-mediatailor/1.11.651/aws-java-sdk-mediatailor-1.11.651.jar:/Users/jonatasmacedo/.m2/repository/com/amazonaws/aws-java-sdk-neptune/1.11.651/aws-java-sdk-neptune-1.11.651.jar:/Users/jonatasmacedo/.m2/repository/com/amazonaws/aws-java-sdk-pi/1.11.651/aws-java-sdk-pi-1.11.651.jar:/Users/jonatasmacedo/.m2/repository/com/amazonaws/aws-java-sdk-iot1clickprojects/1.11.651/aws-java-sdk-iot1clickprojects-1.11.651.jar:/Users/jonatasmacedo/.m2/repository/com/amazonaws/aws-java-sdk-iot1clickdevices/1.11.651/aws-java-sdk-iot1clickdevices-1.11.651.jar:/Users/jonatasmacedo/.m2/repository/com/amazonaws/aws-java-sdk-iotanalytics/1.11.651/aws-java-sdk-iotanalytics-1.11.651.jar:/Users/jonatasmacedo/.m2/repository/com/amazonaws/aws-java-sdk-acmpca/1.11.651/aws-java-sdk-acmpca-1.11.651.jar:/Users/jonatasmacedo/.m2/repository/com/amazonaws/aws-java-sdk-secretsmanager/1.11.651/aws-java-sdk-secretsmanager-1.11.651.jar:/Users/jonatasmacedo/.m2/repository/com/amazonaws/aws-java-sdk-fms/1.11.651/aws-java-sdk-fms-1.11.651.jar:/Users/jonatasmacedo/.m2/repository/com/amazonaws/aws-java-sdk-connect/1.11.651/aws-java-sdk-connect-1.11.651.jar:/Users/jonatasmacedo/.m2/repository/com/amazonaws/aws-java-sdk-transcribe/1.11.651/aws-java-sdk-transcribe-1.11.651.jar:/Users/jonatasmacedo/.m2/repository/com/amazonaws/aws-java-sdk-autoscalingplans/1.11.651/aws-java-sdk-autoscalingplans-1.11.651.jar:/Users/jonatasmacedo/.m2/repository/com/amazonaws/aws-java-sdk-workmail/1.11.651/aws-java-sdk-workmail-1.11.651.jar:/Users/jonatasmacedo/.m2/repository/com/amazonaws/aws-java-sdk-servicediscovery/1.11.651/aws-java-sdk-servicediscovery-1.11.651.jar:/Users/jonatasmacedo/.m2/repository/com/amazonaws/aws-java-sdk-cloud9/1.11.651/aws-java-sdk-cloud9-1.11.651.jar:/Users/jonatasmacedo/.m2/repository/com/amazonaws/aws-java-sdk-serverlessapplicationrepository/1.11.651/aws-java-sdk-serverlessapplicationrepository-1.11.651.jar:/Users/jonatasmacedo/.m2/repository/com/amazonaws/aws-java-sdk-alexaforbusiness/1.11.651/aws-java-sdk-alexaforbusiness-1.11.651.jar:/Users/jonatasmacedo/.m2/repository/com/amazonaws/aws-java-sdk-resourcegroups/1.11.651/aws-java-sdk-resourcegroups-1.11.651.jar:/Users/jonatasmacedo/.m2/repository/com/amazonaws/aws-java-sdk-comprehend/1.11.651/aws-java-sdk-comprehend-1.11.651.jar:/Users/jonatasmacedo/.m2/repository/com/amazonaws/aws-java-sdk-translate/1.11.651/aws-java-sdk-translate-1.11.651.jar:/Users/jonatasmacedo/.m2/repository/com/amazonaws/aws-java-sdk-sagemaker/1.11.651/aws-java-sdk-sagemaker-1.11.651.jar:/Users/jonatasmacedo/.m2/repository/com/amazonaws/aws-java-sdk-iotjobsdataplane/1.11.651/aws-java-sdk-iotjobsdataplane-1.11.651.jar:/Users/jonatasmacedo/.m2/repository/com/amazonaws/aws-java-sdk-sagemakerruntime/1.11.651/aws-java-sdk-sagemakerruntime-1.11.651.jar:/Users/jonatasmacedo/.m2/repository/com/amazonaws/aws-java-sdk-kinesisvideo/1.11.651/aws-java-sdk-kinesisvideo-1.11.651.jar:/Users/jonatasmacedo/.m2/repository/io/netty/netty-codec-http/4.1.43.Final/netty-codec-http-4.1.43.Final.jar:/Users/jonatasmacedo/.m2/repository/io/netty/netty-common/4.1.43.Final/netty-common-4.1.43.Final.jar:/Users/jonatasmacedo/.m2/repository/io/netty/netty-buffer/4.1.43.Final/netty-buffer-4.1.43.Final.jar:/Users/jonatasmacedo/.m2/repository/io/netty/netty-transport/4.1.43.Final/netty-transport-4.1.43.Final.jar:/Users/jonatasmacedo/.m2/repository/io/netty/netty-resolver/4.1.43.Final/netty-resolver-4.1.43.Final.jar:/Users/jonatasmacedo/.m2/repository/io/netty/netty-codec/4.1.43.Final/netty-codec-4.1.43.Final.jar:/Users/jonatasmacedo/.m2/repository/io/netty/netty-handler/4.1.43.Final/netty-handler-4.1.43.Final.jar:/Users/jonatasmacedo/.m2/repository/com/amazonaws/aws-java-sdk-appsync/1.11.651/aws-java-sdk-appsync-1.11.651.jar:/Users/jonatasmacedo/.m2/repository/com/amazonaws/aws-java-sdk-guardduty/1.11.651/aws-java-sdk-guardduty-1.11.651.jar:/Users/jonatasmacedo/.m2/repository/com/amazonaws/aws-java-sdk-mq/1.11.651/aws-java-sdk-mq-1.11.651.jar:/Users/jonatasmacedo/.m2/repository/com/amazonaws/aws-java-sdk-mediaconvert/1.11.651/aws-java-sdk-mediaconvert-1.11.651.jar:/Users/jonatasmacedo/.m2/repository/com/amazonaws/aws-java-sdk-mediastore/1.11.651/aws-java-sdk-mediastore-1.11.651.jar:/Users/jonatasmacedo/.m2/repository/com/amazonaws/aws-java-sdk-mediastoredata/1.11.651/aws-java-sdk-mediastoredata-1.11.651.jar:/Users/jonatasmacedo/.m2/repository/com/amazonaws/aws-java-sdk-medialive/1.11.651/aws-java-sdk-medialive-1.11.651.jar:/Users/jonatasmacedo/.m2/repository/com/amazonaws/aws-java-sdk-mediapackage/1.11.651/aws-java-sdk-mediapackage-1.11.651.jar:/Users/jonatasmacedo/.m2/repository/com/amazonaws/aws-java-sdk-costexplorer/1.11.651/aws-java-sdk-costexplorer-1.11.651.jar:/Users/jonatasmacedo/.m2/repository/com/amazonaws/aws-java-sdk-pricing/1.11.651/aws-java-sdk-pricing-1.11.651.jar:/Users/jonatasmacedo/.m2/repository/com/amazonaws/aws-java-sdk-mobile/1.11.651/aws-java-sdk-mobile-1.11.651.jar:/Users/jonatasmacedo/.m2/repository/com/amazonaws/aws-java-sdk-cloudhsmv2/1.11.651/aws-java-sdk-cloudhsmv2-1.11.651.jar:/Users/jonatasmacedo/.m2/repository/com/amazonaws/aws-java-sdk-glue/1.11.651/aws-java-sdk-glue-1.11.651.jar:/Users/jonatasmacedo/.m2/repository/com/amazonaws/aws-java-sdk-migrationhub/1.11.651/aws-java-sdk-migrationhub-1.11.651.jar:/Users/jonatasmacedo/.m2/repository/com/amazonaws/aws-java-sdk-dax/1.11.651/aws-java-sdk-dax-1.11.651.jar:/Users/jonatasmacedo/.m2/repository/com/amazonaws/aws-java-sdk-greengrass/1.11.651/aws-java-sdk-greengrass-1.11.651.jar:/Users/jonatasmacedo/.m2/repository/com/amazonaws/aws-java-sdk-athena/1.11.651/aws-java-sdk-athena-1.11.651.jar:/Users/jonatasmacedo/.m2/repository/com/amazonaws/aws-java-sdk-marketplaceentitlement/1.11.651/aws-java-sdk-marketplaceentitlement-1.11.651.jar:/Users/jonatasmacedo/.m2/repository/com/amazonaws/aws-java-sdk-codestar/1.11.651/aws-java-sdk-codestar-1.11.651.jar:/Users/jonatasmacedo/.m2/repository/com/amazonaws/aws-java-sdk-lexmodelbuilding/1.11.651/aws-java-sdk-lexmodelbuilding-1.11.651.jar:/Users/jonatasmacedo/.m2/repository/com/amazonaws/aws-java-sdk-resourcegroupstaggingapi/1.11.651/aws-java-sdk-resourcegroupstaggingapi-1.11.651.jar:/Users/jonatasmacedo/.m2/repository/com/amazonaws/aws-java-sdk-pinpoint/1.11.651/aws-java-sdk-pinpoint-1.11.651.jar:/Users/jonatasmacedo/.m2/repository/com/amazonaws/aws-java-sdk-xray/1.11.651/aws-java-sdk-xray-1.11.651.jar:/Users/jonatasmacedo/.m2/repository/com/amazonaws/aws-java-sdk-opsworkscm/1.11.651/aws-java-sdk-opsworkscm-1.11.651.jar:/Users/jonatasmacedo/.m2/repository/com/amazonaws/aws-java-sdk-support/1.11.651/aws-java-sdk-support-1.11.651.jar:/Users/jonatasmacedo/.m2/repository/com/amazonaws/aws-java-sdk-simpledb/1.11.651/aws-java-sdk-simpledb-1.11.651.jar:/Users/jonatasmacedo/.m2/repository/com/amazonaws/aws-java-sdk-servicecatalog/1.11.651/aws-java-sdk-servicecatalog-1.11.651.jar:/Users/jonatasmacedo/.m2/repository/com/amazonaws/aws-java-sdk-servermigration/1.11.651/aws-java-sdk-servermigration-1.11.651.jar:/Users/jonatasmacedo/.m2/repository/com/amazonaws/aws-java-sdk-simpleworkflow/1.11.651/aws-java-sdk-simpleworkflow-1.11.651.jar:/Users/jonatasmacedo/.m2/repository/com/amazonaws/aws-java-sdk-storagegateway/1.11.651/aws-java-sdk-storagegateway-1.11.651.jar:/Users/jonatasmacedo/.m2/repository/com/amazonaws/aws-java-sdk-route53/1.11.651/aws-java-sdk-route53-1.11.651.jar:/Users/jonatasmacedo/.m2/repository/com/amazonaws/aws-java-sdk-s3/1.11.651/aws-java-sdk-s3-1.11.651.jar:/Users/jonatasmacedo/.m2/repository/com/amazonaws/aws-java-sdk-importexport/1.11.651/aws-java-sdk-importexport-1.11.651.jar:/Users/jonatasmacedo/.m2/repository/com/amazonaws/aws-java-sdk-sts/1.11.651/aws-java-sdk-sts-1.11.651.jar:/Users/jonatasmacedo/.m2/repository/com/amazonaws/aws-java-sdk-sqs/1.11.651/aws-java-sdk-sqs-1.11.651.jar:/Users/jonatasmacedo/.m2/repository/com/amazonaws/aws-java-sdk-rds/1.11.651/aws-java-sdk-rds-1.11.651.jar:/Users/jonatasmacedo/.m2/repository/com/amazonaws/aws-java-sdk-redshift/1.11.651/aws-java-sdk-redshift-1.11.651.jar:/Users/jonatasmacedo/.m2/repository/com/amazonaws/aws-java-sdk-elasticbeanstalk/1.11.651/aws-java-sdk-elasticbeanstalk-1.11.651.jar:/Users/jonatasmacedo/.m2/repository/com/amazonaws/aws-java-sdk-glacier/1.11.651/aws-java-sdk-glacier-1.11.651.jar:/Users/jonatasmacedo/.m2/repository/com/amazonaws/aws-java-sdk-iam/1.11.651/aws-java-sdk-iam-1.11.651.jar:/Users/jonatasmacedo/.m2/repository/com/amazonaws/aws-java-sdk-datapipeline/1.11.651/aws-java-sdk-datapipeline-1.11.651.jar:/Users/jonatasmacedo/.m2/repository/com/amazonaws/aws-java-sdk-elasticloadbalancing/1.11.651/aws-java-sdk-elasticloadbalancing-1.11.651.jar:/Users/jonatasmacedo/.m2/repository/com/amazonaws/aws-java-sdk-elasticloadbalancingv2/1.11.651/aws-java-sdk-elasticloadbalancingv2-1.11.651.jar:/Users/jonatasmacedo/.m2/repository/com/amazonaws/aws-java-sdk-emr/1.11.651/aws-java-sdk-emr-1.11.651.jar:/Users/jonatasmacedo/.m2/repository/com/amazonaws/aws-java-sdk-elasticache/1.11.651/aws-java-sdk-elasticache-1.11.651.jar:/Users/jonatasmacedo/.m2/repository/com/amazonaws/aws-java-sdk-elastictranscoder/1.11.651/aws-java-sdk-elastictranscoder-1.11.651.jar:/Users/jonatasmacedo/.m2/repository/com/amazonaws/aws-java-sdk-ec2/1.11.651/aws-java-sdk-ec2-1.11.651.jar:/Users/jonatasmacedo/.m2/repository/com/amazonaws/aws-java-sdk-dynamodb/1.11.651/aws-java-sdk-dynamodb-1.11.651.jar:/Users/jonatasmacedo/.m2/repository/com/amazonaws/aws-java-sdk-sns/1.11.651/aws-java-sdk-sns-1.11.651.jar:/Users/jonatasmacedo/.m2/repository/com/amazonaws/aws-java-sdk-budgets/1.11.651/aws-java-sdk-budgets-1.11.651.jar:/Users/jonatasmacedo/.m2/repository/com/amazonaws/aws-java-sdk-cloudtrail/1.11.651/aws-java-sdk-cloudtrail-1.11.651.jar:/Users/jonatasmacedo/.m2/repository/com/amazonaws/aws-java-sdk-cloudwatch/1.11.651/aws-java-sdk-cloudwatch-1.11.651.jar:/Users/jonatasmacedo/.m2/repository/com/amazonaws/aws-java-sdk-logs/1.11.651/aws-java-sdk-logs-1.11.651.jar:/Users/jonatasmacedo/.m2/repository/com/amazonaws/aws-java-sdk-events/1.11.651/aws-java-sdk-events-1.11.651.jar:/Users/jonatasmacedo/.m2/repository/com/amazonaws/aws-java-sdk-cognitoidentity/1.11.651/aws-java-sdk-cognitoidentity-1.11.651.jar:/Users/jonatasmacedo/.m2/repository/com/amazonaws/aws-java-sdk-cognitosync/1.11.651/aws-java-sdk-cognitosync-1.11.651.jar:/Users/jonatasmacedo/.m2/repository/com/amazonaws/aws-java-sdk-directconnect/1.11.651/aws-java-sdk-directconnect-1.11.651.jar:/Users/jonatasmacedo/.m2/repository/com/amazonaws/aws-java-sdk-cloudformation/1.11.651/aws-java-sdk-cloudformation-1.11.651.jar:/Users/jonatasmacedo/.m2/repository/com/amazonaws/aws-java-sdk-cloudfront/1.11.651/aws-java-sdk-cloudfront-1.11.651.jar:/Users/jonatasmacedo/.m2/repository/com/amazonaws/aws-java-sdk-clouddirectory/1.11.651/aws-java-sdk-clouddirectory-1.11.651.jar:/Users/jonatasmacedo/.m2/repository/com/amazonaws/aws-java-sdk-kinesis/1.11.651/aws-java-sdk-kinesis-1.11.651.jar:/Users/jonatasmacedo/.m2/repository/com/amazonaws/aws-java-sdk-opsworks/1.11.651/aws-java-sdk-opsworks-1.11.651.jar:/Users/jonatasmacedo/.m2/repository/com/amazonaws/aws-java-sdk-ses/1.11.651/aws-java-sdk-ses-1.11.651.jar:/Users/jonatasmacedo/.m2/repository/com/amazonaws/aws-java-sdk-autoscaling/1.11.651/aws-java-sdk-autoscaling-1.11.651.jar:/Users/jonatasmacedo/.m2/repository/com/amazonaws/aws-java-sdk-cloudsearch/1.11.651/aws-java-sdk-cloudsearch-1.11.651.jar:/Users/jonatasmacedo/.m2/repository/com/amazonaws/aws-java-sdk-cloudwatchmetrics/1.11.651/aws-java-sdk-cloudwatchmetrics-1.11.651.jar:/Users/jonatasmacedo/.m2/repository/com/amazonaws/aws-java-sdk-codedeploy/1.11.651/aws-java-sdk-codedeploy-1.11.651.jar:/Users/jonatasmacedo/.m2/repository/com/amazonaws/aws-java-sdk-codepipeline/1.11.651/aws-java-sdk-codepipeline-1.11.651.jar:/Users/jonatasmacedo/.m2/repository/com/amazonaws/aws-java-sdk-kms/1.11.651/aws-java-sdk-kms-1.11.651.jar:/Users/jonatasmacedo/.m2/repository/com/amazonaws/aws-java-sdk-config/1.11.651/aws-java-sdk-config-1.11.651.jar:/Users/jonatasmacedo/.m2/repository/com/amazonaws/aws-java-sdk-lambda/1.11.651/aws-java-sdk-lambda-1.11.651.jar:/Users/jonatasmacedo/.m2/repository/com/amazonaws/aws-java-sdk-ecs/1.11.651/aws-java-sdk-ecs-1.11.651.jar:/Users/jonatasmacedo/.m2/repository/com/amazonaws/aws-java-sdk-ecr/1.11.651/aws-java-sdk-ecr-1.11.651.jar:/Users/jonatasmacedo/.m2/repository/com/amazonaws/aws-java-sdk-cloudhsm/1.11.651/aws-java-sdk-cloudhsm-1.11.651.jar:/Users/jonatasmacedo/.m2/repository/com/amazonaws/aws-java-sdk-ssm/1.11.651/aws-java-sdk-ssm-1.11.651.jar:/Users/jonatasmacedo/.m2/repository/com/amazonaws/aws-java-sdk-workspaces/1.11.651/aws-java-sdk-workspaces-1.11.651.jar:/Users/jonatasmacedo/.m2/repository/com/amazonaws/aws-java-sdk-machinelearning/1.11.651/aws-java-sdk-machinelearning-1.11.651.jar:/Users/jonatasmacedo/.m2/repository/com/amazonaws/aws-java-sdk-directory/1.11.651/aws-java-sdk-directory-1.11.651.jar:/Users/jonatasmacedo/.m2/repository/com/amazonaws/aws-java-sdk-efs/1.11.651/aws-java-sdk-efs-1.11.651.jar:/Users/jonatasmacedo/.m2/repository/com/amazonaws/aws-java-sdk-codecommit/1.11.651/aws-java-sdk-codecommit-1.11.651.jar:/Users/jonatasmacedo/.m2/repository/com/amazonaws/aws-java-sdk-devicefarm/1.11.651/aws-java-sdk-devicefarm-1.11.651.jar:/Users/jonatasmacedo/.m2/repository/com/amazonaws/aws-java-sdk-elasticsearch/1.11.651/aws-java-sdk-elasticsearch-1.11.651.jar:/Users/jonatasmacedo/.m2/repository/com/amazonaws/aws-java-sdk-waf/1.11.651/aws-java-sdk-waf-1.11.651.jar:/Users/jonatasmacedo/.m2/repository/com/amazonaws/aws-java-sdk-marketplacecommerceanalytics/1.11.651/aws-java-sdk-marketplacecommerceanalytics-1.11.651.jar:/Users/jonatasmacedo/.m2/repository/com/amazonaws/aws-java-sdk-inspector/1.11.651/aws-java-sdk-inspector-1.11.651.jar:/Users/jonatasmacedo/.m2/repository/com/amazonaws/aws-java-sdk-iot/1.11.651/aws-java-sdk-iot-1.11.651.jar:/Users/jonatasmacedo/.m2/repository/com/amazonaws/aws-java-sdk-api-gateway/1.11.651/aws-java-sdk-api-gateway-1.11.651.jar:/Users/jonatasmacedo/.m2/repository/com/amazonaws/aws-java-sdk-acm/1.11.651/aws-java-sdk-acm-1.11.651.jar:/Users/jonatasmacedo/.m2/repository/com/amazonaws/aws-java-sdk-gamelift/1.11.651/aws-java-sdk-gamelift-1.11.651.jar:/Users/jonatasmacedo/.m2/repository/com/amazonaws/aws-java-sdk-dms/1.11.651/aws-java-sdk-dms-1.11.651.jar:/Users/jonatasmacedo/.m2/repository/com/amazonaws/aws-java-sdk-marketplacemeteringservice/1.11.651/aws-java-sdk-marketplacemeteringservice-1.11.651.jar:/Users/jonatasmacedo/.m2/repository/com/amazonaws/aws-java-sdk-cognitoidp/1.11.651/aws-java-sdk-cognitoidp-1.11.651.jar:/Users/jonatasmacedo/.m2/repository/com/amazonaws/aws-java-sdk-discovery/1.11.651/aws-java-sdk-discovery-1.11.651.jar:/Users/jonatasmacedo/.m2/repository/com/amazonaws/aws-java-sdk-applicationautoscaling/1.11.651/aws-java-sdk-applicationautoscaling-1.11.651.jar:/Users/jonatasmacedo/.m2/repository/com/amazonaws/aws-java-sdk-snowball/1.11.651/aws-java-sdk-snowball-1.11.651.jar:/Users/jonatasmacedo/.m2/repository/com/amazonaws/aws-java-sdk-rekognition/1.11.651/aws-java-sdk-rekognition-1.11.651.jar:/Users/jonatasmacedo/.m2/repository/com/amazonaws/aws-java-sdk-polly/1.11.651/aws-java-sdk-polly-1.11.651.jar:/Users/jonatasmacedo/.m2/repository/com/amazonaws/aws-java-sdk-lightsail/1.11.651/aws-java-sdk-lightsail-1.11.651.jar:/Users/jonatasmacedo/.m2/repository/com/amazonaws/aws-java-sdk-stepfunctions/1.11.651/aws-java-sdk-stepfunctions-1.11.651.jar:/Users/jonatasmacedo/.m2/repository/com/amazonaws/aws-java-sdk-health/1.11.651/aws-java-sdk-health-1.11.651.jar:/Users/jonatasmacedo/.m2/repository/com/amazonaws/aws-java-sdk-costandusagereport/1.11.651/aws-java-sdk-costandusagereport-1.11.651.jar:/Users/jonatasmacedo/.m2/repository/com/amazonaws/aws-java-sdk-codebuild/1.11.651/aws-java-sdk-codebuild-1.11.651.jar:/Users/jonatasmacedo/.m2/repository/com/amazonaws/aws-java-sdk-appstream/1.11.651/aws-java-sdk-appstream-1.11.651.jar:/Users/jonatasmacedo/.m2/repository/com/amazonaws/aws-java-sdk-shield/1.11.651/aws-java-sdk-shield-1.11.651.jar:/Users/jonatasmacedo/.m2/repository/com/amazonaws/aws-java-sdk-batch/1.11.651/aws-java-sdk-batch-1.11.651.jar:/Users/jonatasmacedo/.m2/repository/com/amazonaws/aws-java-sdk-lex/1.11.651/aws-java-sdk-lex-1.11.651.jar:/Users/jonatasmacedo/.m2/repository/com/amazonaws/aws-java-sdk-mechanicalturkrequester/1.11.651/aws-java-sdk-mechanicalturkrequester-1.11.651.jar:/Users/jonatasmacedo/.m2/repository/com/amazonaws/aws-java-sdk-organizations/1.11.651/aws-java-sdk-organizations-1.11.651.jar:/Users/jonatasmacedo/.m2/repository/com/amazonaws/aws-java-sdk-workdocs/1.11.651/aws-java-sdk-workdocs-1.11.651.jar:/Users/jonatasmacedo/.m2/repository/com/amazonaws/aws-java-sdk-core/1.11.651/aws-java-sdk-core-1.11.651.jar:/Users/jonatasmacedo/.m2/repository/commons-logging/commons-logging/1.1.3/commons-logging-1.1.3.jar:/Users/jonatasmacedo/.m2/repository/org/apache/httpcomponents/httpclient/4.5.10/httpclient-4.5.10.jar:/Users/jonatasmacedo/.m2/repository/org/apache/httpcomponents/httpcore/4.4.12/httpcore-4.4.12.jar:/Users/jonatasmacedo/.m2/repository/software/amazon/ion/ion-java/1.0.2/ion-java-1.0.2.jar:/Users/jonatasmacedo/.m2/repository/com/fasterxml/jackson/dataformat/jackson-dataformat-cbor/2.10.1/jackson-dataformat-cbor-2.10.1.jar:/Users/jonatasmacedo/.m2/repository/joda-time/joda-time/2.10.5/joda-time-2.10.5.jar:/Users/jonatasmacedo/.m2/repository/com/amazonaws/aws-java-sdk-models/1.11.651/aws-java-sdk-models-1.11.651.jar:/Users/jonatasmacedo/.m2/repository/com/amazonaws/aws-java-sdk-swf-libraries/1.11.22/aws-java-sdk-swf-libraries-1.11.22.jar:"/>
    <property name="java.vm.vendor" value="Oracle Corporation"/>
    <property name="sun.arch.data.model" value="64"/>
    <property name="java.vendor.url" value="http://java.oracle.com/"/>
    <property name="user.timezone" value=""/>
    <property name="java.vm.specification.version" value="1.8"/>
    <property name="os.name" value="Mac OS X"/>
    <property name="user.country" value="BR"/>
    <property name="sun.java.launcher" value="SUN_STANDARD"/>
    <property name="sun.boot.library.path" value="/Library/Java/JavaVirtualMachines/jdk1.8.0_231.jdk/Contents/Home/jre/lib"/>
    <property name="sun.java.command" value="/Users/jonatasmacedo/eclipse-workspace/projetos/spring-curso/spring-curso/target/surefire/surefirebooter832048043422045982.jar /Users/jonatasmacedo/eclipse-workspace/projetos/spring-curso/spring-curso/target/surefire 2020-02-07T16-18-22_787-jvmRun1 surefire4348690556837326768tmp surefire_01410523218547377154tmp"/>
    <property name="http.nonProxyHosts" value="local|*.local|169.254/16|*.169.254/16"/>
    <property name="surefire.test.class.path" value="/Users/jonatasmacedo/eclipse-workspace/projetos/spring-curso/spring-curso/target/test-classes:/Users/jonatasmacedo/eclipse-workspace/projetos/spring-curso/spring-curso/target/classes:/Users/jonatasmacedo/.m2/repository/org/springframework/boot/spring-boot-starter-data-jpa/2.2.2.RELEASE/spring-boot-starter-data-jpa-2.2.2.RELEASE.jar:/Users/jonatasmacedo/.m2/repository/org/springframework/boot/spring-boot-starter-aop/2.2.2.RELEASE/spring-boot-starter-aop-2.2.2.RELEASE.jar:/Users/jonatasmacedo/.m2/repository/org/aspectj/aspectjweaver/1.9.5/aspectjweaver-1.9.5.jar:/Users/jonatasmacedo/.m2/repository/org/springframework/boot/spring-boot-starter-jdbc/2.2.2.RELEASE/spring-boot-starter-jdbc-2.2.2.RELEASE.jar:/Users/jonatasmacedo/.m2/repository/com/zaxxer/HikariCP/3.4.1/HikariCP-3.4.1.jar:/Users/jonatasmacedo/.m2/repository/org/springframework/spring-jdbc/5.2.2.RELEASE/spring-jdbc-5.2.2.RELEASE.jar:/Users/jonatasmacedo/.m2/repository/jakarta/activation/jakarta.activation-api/1.2.1/jakarta.activation-api-1.2.1.jar:/Users/jonatasmacedo/.m2/repository/jakarta/persistence/jakarta.persistence-api/2.2.3/jakarta.persistence-api-2.2.3.jar:/Users/jonatasmacedo/.m2/repository/jakarta/transaction/jakarta.transaction-api/1.3.3/jakarta.transaction-api-1.3.3.jar:/Users/jonatasmacedo/.m2/repository/org/hibernate/hibernate-core/5.4.9.Final/hibernate-core-5.4.9.Final.jar:/Users/jonatasmacedo/.m2/repository/org/jboss/logging/jboss-logging/3.4.1.Final/jboss-logging-3.4.1.Final.jar:/Users/jonatasmacedo/.m2/repository/org/javassist/javassist/3.24.0-GA/javassist-3.24.0-GA.jar:/Users/jonatasmacedo/.m2/repository/net/bytebuddy/byte-buddy/1.10.4/byte-buddy-1.10.4.jar:/Users/jonatasmacedo/.m2/repository/antlr/antlr/2.7.7/antlr-2.7.7.jar:/Users/jonatasmacedo/.m2/repository/org/jboss/jandex/2.1.1.Final/jandex-2.1.1.Final.jar:/Users/jonatasmacedo/.m2/repository/com/fasterxml/classmate/1.5.1/classmate-1.5.1.jar:/Users/jonatasmacedo/.m2/repository/org/dom4j/dom4j/2.1.1/dom4j-2.1.1.jar:/Users/jonatasmacedo/.m2/repository/org/hibernate/common/hibernate-commons-annotations/5.1.0.Final/hibernate-commons-annotations-5.1.0.Final.jar:/Users/jonatasmacedo/.m2/repository/org/glassfish/jaxb/jaxb-runtime/2.3.2/jaxb-runtime-2.3.2.jar:/Users/jonatasmacedo/.m2/repository/org/glassfish/jaxb/txw2/2.3.2/txw2-2.3.2.jar:/Users/jonatasmacedo/.m2/repository/com/sun/istack/istack-commons-runtime/3.0.8/istack-commons-runtime-3.0.8.jar:/Users/jonatasmacedo/.m2/repository/org/jvnet/staxex/stax-ex/1.8.1/stax-ex-1.8.1.jar:/Users/jonatasmacedo/.m2/repository/com/sun/xml/fastinfoset/FastInfoset/1.2.16/FastInfoset-1.2.16.jar:/Users/jonatasmacedo/.m2/repository/org/springframework/spring-aspects/5.2.2.RELEASE/spring-aspects-5.2.2.RELEASE.jar:/Users/jonatasmacedo/.m2/repository/org/springframework/data/spring-data-jpa/2.2.3.RELEASE/spring-data-jpa-2.2.3.RELEASE.jar:/Users/jonatasmacedo/.m2/repository/org/springframework/data/spring-data-commons/2.2.3.RELEASE/spring-data-commons-2.2.3.RELEASE.jar:/Users/jonatasmacedo/.m2/repository/org/springframework/spring-orm/5.2.2.RELEASE/spring-orm-5.2.2.RELEASE.jar:/Users/jonatasmacedo/.m2/repository/org/springframework/spring-context/5.2.2.RELEASE/spring-context-5.2.2.RELEASE.jar:/Users/jonatasmacedo/.m2/repository/org/springframework/spring-expression/5.2.2.RELEASE/spring-expression-5.2.2.RELEASE.jar:/Users/jonatasmacedo/.m2/repository/org/springframework/spring-aop/5.2.2.RELEASE/spring-aop-5.2.2.RELEASE.jar:/Users/jonatasmacedo/.m2/repository/org/springframework/spring-tx/5.2.2.RELEASE/spring-tx-5.2.2.RELEASE.jar:/Users/jonatasmacedo/.m2/repository/org/springframework/spring-beans/5.2.2.RELEASE/spring-beans-5.2.2.RELEASE.jar:/Users/jonatasmacedo/.m2/repository/org/springframework/spring-core/5.2.2.RELEASE/spring-core-5.2.2.RELEASE.jar:/Users/jonatasmacedo/.m2/repository/org/springframework/spring-jcl/5.2.2.RELEASE/spring-jcl-5.2.2.RELEASE.jar:/Users/jonatasmacedo/.m2/repository/org/aspectj/aspectjrt/1.9.5/aspectjrt-1.9.5.jar:/Users/jonatasmacedo/.m2/repository/org/slf4j/slf4j-api/1.7.29/slf4j-api-1.7.29.jar:/Users/jonatasmacedo/.m2/repository/org/springframework/boot/spring-boot-devtools/2.2.2.RELEASE/spring-boot-devtools-2.2.2.RELEASE.jar:/Users/jonatasmacedo/.m2/repository/org/springframework/boot/spring-boot/2.2.2.RELEASE/spring-boot-2.2.2.RELEASE.jar:/Users/jonatasmacedo/.m2/repository/org/springframework/boot/spring-boot-autoconfigure/2.2.2.RELEASE/spring-boot-autoconfigure-2.2.2.RELEASE.jar:/Users/jonatasmacedo/.m2/repository/org/postgresql/postgresql/42.2.8/postgresql-42.2.8.jar:/Users/jonatasmacedo/.m2/repository/org/projectlombok/lombok/1.18.10/lombok-1.18.10.jar:/Users/jonatasmacedo/.m2/repository/org/springframework/boot/spring-boot-starter-test/2.2.2.RELEASE/spring-boot-starter-test-2.2.2.RELEASE.jar:/Users/jonatasmacedo/.m2/repository/org/springframework/boot/spring-boot-starter/2.2.2.RELEASE/spring-boot-starter-2.2.2.RELEASE.jar:/Users/jonatasmacedo/.m2/repository/org/springframework/boot/spring-boot-starter-logging/2.2.2.RELEASE/spring-boot-starter-logging-2.2.2.RELEASE.jar:/Users/jonatasmacedo/.m2/repository/ch/qos/logback/logback-classic/1.2.3/logback-classic-1.2.3.jar:/Users/jonatasmacedo/.m2/repository/ch/qos/logback/logback-core/1.2.3/logback-core-1.2.3.jar:/Users/jonatasmacedo/.m2/repository/org/apache/logging/log4j/log4j-to-slf4j/2.12.1/log4j-to-slf4j-2.12.1.jar:/Users/jonatasmacedo/.m2/repository/org/apache/logging/log4j/log4j-api/2.12.1/log4j-api-2.12.1.jar:/Users/jonatasmacedo/.m2/repository/org/slf4j/jul-to-slf4j/1.7.29/jul-to-slf4j-1.7.29.jar:/Users/jonatasmacedo/.m2/repository/org/yaml/snakeyaml/1.25/snakeyaml-1.25.jar:/Users/jonatasmacedo/.m2/repository/org/springframework/boot/spring-boot-test/2.2.2.RELEASE/spring-boot-test-2.2.2.RELEASE.jar:/Users/jonatasmacedo/.m2/repository/org/springframework/boot/spring-boot-test-autoconfigure/2.2.2.RELEASE/spring-boot-test-autoconfigure-2.2.2.RELEASE.jar:/Users/jonatasmacedo/.m2/repository/com/jayway/jsonpath/json-path/2.4.0/json-path-2.4.0.jar:/Users/jonatasmacedo/.m2/repository/net/minidev/json-smart/2.3/json-smart-2.3.jar:/Users/jonatasmacedo/.m2/repository/net/minidev/accessors-smart/1.2/accessors-smart-1.2.jar:/Users/jonatasmacedo/.m2/repository/org/ow2/asm/asm/5.0.4/asm-5.0.4.jar:/Users/jonatasmacedo/.m2/repository/jakarta/xml/bind/jakarta.xml.bind-api/2.3.2/jakarta.xml.bind-api-2.3.2.jar:/Users/jonatasmacedo/.m2/repository/org/junit/jupiter/junit-jupiter/5.5.2/junit-jupiter-5.5.2.jar:/Users/jonatasmacedo/.m2/repository/org/junit/jupiter/junit-jupiter-api/5.5.2/junit-jupiter-api-5.5.2.jar:/Users/jonatasmacedo/.m2/repository/org/opentest4j/opentest4j/1.2.0/opentest4j-1.2.0.jar:/Users/jonatasmacedo/.m2/repository/org/junit/platform/junit-platform-commons/1.5.2/junit-platform-commons-1.5.2.jar:/Users/jonatasmacedo/.m2/repository/org/junit/jupiter/junit-jupiter-params/5.5.2/junit-jupiter-params-5.5.2.jar:/Users/jonatasmacedo/.m2/repository/org/junit/jupiter/junit-jupiter-engine/5.5.2/junit-jupiter-engine-5.5.2.jar:/Users/jonatasmacedo/.m2/repository/org/junit/vintage/junit-vintage-engine/5.5.2/junit-vintage-engine-5.5.2.jar:/Users/jonatasmacedo/.m2/repository/org/apiguardian/apiguardian-api/1.1.0/apiguardian-api-1.1.0.jar:/Users/jonatasmacedo/.m2/repository/org/junit/platform/junit-platform-engine/1.5.2/junit-platform-engine-1.5.2.jar:/Users/jonatasmacedo/.m2/repository/junit/junit/4.12/junit-4.12.jar:/Users/jonatasmacedo/.m2/repository/org/mockito/mockito-junit-jupiter/3.1.0/mockito-junit-jupiter-3.1.0.jar:/Users/jonatasmacedo/.m2/repository/org/assertj/assertj-core/3.13.2/assertj-core-3.13.2.jar:/Users/jonatasmacedo/.m2/repository/org/hamcrest/hamcrest/2.1/hamcrest-2.1.jar:/Users/jonatasmacedo/.m2/repository/org/mockito/mockito-core/3.1.0/mockito-core-3.1.0.jar:/Users/jonatasmacedo/.m2/repository/net/bytebuddy/byte-buddy-agent/1.10.4/byte-buddy-agent-1.10.4.jar:/Users/jonatasmacedo/.m2/repository/org/objenesis/objenesis/2.6/objenesis-2.6.jar:/Users/jonatasmacedo/.m2/repository/org/skyscreamer/jsonassert/1.5.0/jsonassert-1.5.0.jar:/Users/jonatasmacedo/.m2/repository/com/vaadin/external/google/android-json/0.0.20131108.vaadin1/android-json-0.0.20131108.vaadin1.jar:/Users/jonatasmacedo/.m2/repository/org/springframework/spring-test/5.2.2.RELEASE/spring-test-5.2.2.RELEASE.jar:/Users/jonatasmacedo/.m2/repository/org/xmlunit/xmlunit-core/2.6.3/xmlunit-core-2.6.3.jar:/Users/jonatasmacedo/.m2/repository/commons-codec/commons-codec/1.13/commons-codec-1.13.jar:/Users/jonatasmacedo/.m2/repository/org/hibernate/hibernate-annotations/3.5.6-Final/hibernate-annotations-3.5.6-Final.jar:/Users/jonatasmacedo/.m2/repository/org/hibernate/hibernate-commons-annotations/3.2.0.Final/hibernate-commons-annotations-3.2.0.Final.jar:/Users/jonatasmacedo/.m2/repository/org/hibernate/javax/persistence/hibernate-jpa-2.0-api/1.0.0.Final/hibernate-jpa-2.0-api-1.0.0.Final.jar:/Users/jonatasmacedo/.m2/repository/org/springframework/boot/spring-boot-starter-web/2.2.2.RELEASE/spring-boot-starter-web-2.2.2.RELEASE.jar:/Users/jonatasmacedo/.m2/repository/org/springframework/boot/spring-boot-starter-json/2.2.2.RELEASE/spring-boot-starter-json-2.2.2.RELEASE.jar:/Users/jonatasmacedo/.m2/repository/com/fasterxml/jackson/datatype/jackson-datatype-jdk8/2.10.1/jackson-datatype-jdk8-2.10.1.jar:/Users/jonatasmacedo/.m2/repository/com/fasterxml/jackson/datatype/jackson-datatype-jsr310/2.10.1/jackson-datatype-jsr310-2.10.1.jar:/Users/jonatasmacedo/.m2/repository/com/fasterxml/jackson/module/jackson-module-parameter-names/2.10.1/jackson-module-parameter-names-2.10.1.jar:/Users/jonatasmacedo/.m2/repository/org/springframework/boot/spring-boot-starter-validation/2.2.2.RELEASE/spring-boot-starter-validation-2.2.2.RELEASE.jar:/Users/jonatasmacedo/.m2/repository/jakarta/validation/jakarta.validation-api/2.0.1/jakarta.validation-api-2.0.1.jar:/Users/jonatasmacedo/.m2/repository/org/hibernate/validator/hibernate-validator/6.0.18.Final/hibernate-validator-6.0.18.Final.jar:/Users/jonatasmacedo/.m2/repository/org/springframework/spring-web/5.2.2.RELEASE/spring-web-5.2.2.RELEASE.jar:/Users/jonatasmacedo/.m2/repository/org/springframework/spring-webmvc/5.2.2.RELEASE/spring-webmvc-5.2.2.RELEASE.jar:/Users/jonatasmacedo/.m2/repository/org/springframework/boot/spring-boot-starter-tomcat/2.2.2.RELEASE/spring-boot-starter-tomcat-2.2.2.RELEASE.jar:/Users/jonatasmacedo/.m2/repository/jakarta/annotation/jakarta.annotation-api/1.3.5/jakarta.annotation-api-1.3.5.jar:/Users/jonatasmacedo/.m2/repository/org/apache/tomcat/embed/tomcat-embed-core/9.0.29/tomcat-embed-core-9.0.29.jar:/Users/jonatasmacedo/.m2/repository/org/apache/tomcat/embed/tomcat-embed-el/9.0.29/tomcat-embed-el-9.0.29.jar:/Users/jonatasmacedo/.m2/repository/org/apache/tomcat/embed/tomcat-embed-websocket/9.0.29/tomcat-embed-websocket-9.0.29.jar:/Users/jonatasmacedo/.m2/repository/io/jsonwebtoken/jjwt/0.9.1/jjwt-0.9.1.jar:/Users/jonatasmacedo/.m2/repository/com/fasterxml/jackson/core/jackson-databind/2.10.1/jackson-databind-2.10.1.jar:/Users/jonatasmacedo/.m2/repository/com/fasterxml/jackson/core/jackson-annotations/2.10.1/jackson-annotations-2.10.1.jar:/Users/jonatasmacedo/.m2/repository/com/fasterxml/jackson/core/jackson-core/2.10.1/jackson-core-2.10.1.jar:/Users/jonatasmacedo/.m2/repository/com/amazonaws/aws-java-sdk/1.11.651/aws-java-sdk-1.11.651.jar:/Users/jonatasmacedo/.m2/repository/com/amazonaws/aws-java-sdk-workmailmessageflow/1.11.651/aws-java-sdk-workmailmessageflow-1.11.651.jar:/Users/jonatasmacedo/.m2/repository/com/amazonaws/jmespath-java/1.11.651/jmespath-java-1.11.651.jar:/Users/jonatasmacedo/.m2/repository/com/amazonaws/aws-java-sdk-qldbsession/1.11.651/aws-java-sdk-qldbsession-1.11.651.jar:/Users/jonatasmacedo/.m2/repository/com/amazonaws/aws-java-sdk-qldb/1.11.651/aws-java-sdk-qldb-1.11.651.jar:/Users/jonatasmacedo/.m2/repository/com/amazonaws/aws-java-sdk-forecastquery/1.11.651/aws-java-sdk-forecastquery-1.11.651.jar:/Users/jonatasmacedo/.m2/repository/com/amazonaws/aws-java-sdk-forecast/1.11.651/aws-java-sdk-forecast-1.11.651.jar:/Users/jonatasmacedo/.m2/repository/com/amazonaws/aws-java-sdk-lakeformation/1.11.651/aws-java-sdk-lakeformation-1.11.651.jar:/Users/jonatasmacedo/.m2/repository/com/amazonaws/aws-java-sdk-eventbridge/1.11.651/aws-java-sdk-eventbridge-1.11.651.jar:/Users/jonatasmacedo/.m2/repository/com/amazonaws/aws-java-sdk-ec2instanceconnect/1.11.651/aws-java-sdk-ec2instanceconnect-1.11.651.jar:/Users/jonatasmacedo/.m2/repository/com/amazonaws/aws-java-sdk-applicationinsights/1.11.651/aws-java-sdk-applicationinsights-1.11.651.jar:/Users/jonatasmacedo/.m2/repository/com/amazonaws/aws-java-sdk-servicequotas/1.11.651/aws-java-sdk-servicequotas-1.11.651.jar:/Users/jonatasmacedo/.m2/repository/com/amazonaws/aws-java-sdk-personalizeevents/1.11.651/aws-java-sdk-personalizeevents-1.11.651.jar:/Users/jonatasmacedo/.m2/repository/com/amazonaws/aws-java-sdk-personalize/1.11.651/aws-java-sdk-personalize-1.11.651.jar:/Users/jonatasmacedo/.m2/repository/com/amazonaws/aws-java-sdk-personalizeruntime/1.11.651/aws-java-sdk-personalizeruntime-1.11.651.jar:/Users/jonatasmacedo/.m2/repository/com/amazonaws/aws-java-sdk-ioteventsdata/1.11.651/aws-java-sdk-ioteventsdata-1.11.651.jar:/Users/jonatasmacedo/.m2/repository/com/amazonaws/aws-java-sdk-iotevents/1.11.651/aws-java-sdk-iotevents-1.11.651.jar:/Users/jonatasmacedo/.m2/repository/com/amazonaws/aws-java-sdk-iotthingsgraph/1.11.651/aws-java-sdk-iotthingsgraph-1.11.651.jar:/Users/jonatasmacedo/.m2/repository/com/amazonaws/aws-java-sdk-groundstation/1.11.651/aws-java-sdk-groundstation-1.11.651.jar:/Users/jonatasmacedo/.m2/repository/com/amazonaws/aws-java-sdk-mediapackagevod/1.11.651/aws-java-sdk-mediapackagevod-1.11.651.jar:/Users/jonatasmacedo/.m2/repository/com/amazonaws/aws-java-sdk-managedblockchain/1.11.651/aws-java-sdk-managedblockchain-1.11.651.jar:/Users/jonatasmacedo/.m2/repository/com/amazonaws/aws-java-sdk-textract/1.11.651/aws-java-sdk-textract-1.11.651.jar:/Users/jonatasmacedo/.m2/repository/com/amazonaws/aws-java-sdk-worklink/1.11.651/aws-java-sdk-worklink-1.11.651.jar:/Users/jonatasmacedo/.m2/repository/com/amazonaws/aws-java-sdk-backup/1.11.651/aws-java-sdk-backup-1.11.651.jar:/Users/jonatasmacedo/.m2/repository/com/amazonaws/aws-java-sdk-docdb/1.11.651/aws-java-sdk-docdb-1.11.651.jar:/Users/jonatasmacedo/.m2/repository/com/amazonaws/aws-java-sdk-apigatewayv2/1.11.651/aws-java-sdk-apigatewayv2-1.11.651.jar:/Users/jonatasmacedo/.m2/repository/com/amazonaws/aws-java-sdk-apigatewaymanagementapi/1.11.651/aws-java-sdk-apigatewaymanagementapi-1.11.651.jar:/Users/jonatasmacedo/.m2/repository/com/amazonaws/aws-java-sdk-kafka/1.11.651/aws-java-sdk-kafka-1.11.651.jar:/Users/jonatasmacedo/.m2/repository/com/amazonaws/aws-java-sdk-appmesh/1.11.651/aws-java-sdk-appmesh-1.11.651.jar:/Users/jonatasmacedo/.m2/repository/com/amazonaws/aws-java-sdk-licensemanager/1.11.651/aws-java-sdk-licensemanager-1.11.651.jar:/Users/jonatasmacedo/.m2/repository/com/amazonaws/aws-java-sdk-securityhub/1.11.651/aws-java-sdk-securityhub-1.11.651.jar:/Users/jonatasmacedo/.m2/repository/com/amazonaws/aws-java-sdk-fsx/1.11.651/aws-java-sdk-fsx-1.11.651.jar:/Users/jonatasmacedo/.m2/repository/com/amazonaws/aws-java-sdk-mediaconnect/1.11.651/aws-java-sdk-mediaconnect-1.11.651.jar:/Users/jonatasmacedo/.m2/repository/com/amazonaws/aws-java-sdk-kinesisanalyticsv2/1.11.651/aws-java-sdk-kinesisanalyticsv2-1.11.651.jar:/Users/jonatasmacedo/.m2/repository/com/amazonaws/aws-java-sdk-comprehendmedical/1.11.651/aws-java-sdk-comprehendmedical-1.11.651.jar:/Users/jonatasmacedo/.m2/repository/com/amazonaws/aws-java-sdk-globalaccelerator/1.11.651/aws-java-sdk-globalaccelerator-1.11.651.jar:/Users/jonatasmacedo/.m2/repository/com/amazonaws/aws-java-sdk-transfer/1.11.651/aws-java-sdk-transfer-1.11.651.jar:/Users/jonatasmacedo/.m2/repository/com/amazonaws/aws-java-sdk-datasync/1.11.651/aws-java-sdk-datasync-1.11.651.jar:/Users/jonatasmacedo/.m2/repository/com/amazonaws/aws-java-sdk-robomaker/1.11.651/aws-java-sdk-robomaker-1.11.651.jar:/Users/jonatasmacedo/.m2/repository/com/amazonaws/aws-java-sdk-amplify/1.11.651/aws-java-sdk-amplify-1.11.651.jar:/Users/jonatasmacedo/.m2/repository/com/amazonaws/aws-java-sdk-quicksight/1.11.651/aws-java-sdk-quicksight-1.11.651.jar:/Users/jonatasmacedo/.m2/repository/com/amazonaws/aws-java-sdk-rdsdata/1.11.651/aws-java-sdk-rdsdata-1.11.651.jar:/Users/jonatasmacedo/.m2/repository/com/amazonaws/aws-java-sdk-route53resolver/1.11.651/aws-java-sdk-route53resolver-1.11.651.jar:/Users/jonatasmacedo/.m2/repository/com/amazonaws/aws-java-sdk-ram/1.11.651/aws-java-sdk-ram-1.11.651.jar:/Users/jonatasmacedo/.m2/repository/com/amazonaws/aws-java-sdk-s3control/1.11.651/aws-java-sdk-s3control-1.11.651.jar:/Users/jonatasmacedo/.m2/repository/com/amazonaws/aws-java-sdk-pinpointsmsvoice/1.11.651/aws-java-sdk-pinpointsmsvoice-1.11.651.jar:/Users/jonatasmacedo/.m2/repository/com/amazonaws/aws-java-sdk-pinpointemail/1.11.651/aws-java-sdk-pinpointemail-1.11.651.jar:/Users/jonatasmacedo/.m2/repository/com/amazonaws/aws-java-sdk-chime/1.11.651/aws-java-sdk-chime-1.11.651.jar:/Users/jonatasmacedo/.m2/repository/com/amazonaws/aws-java-sdk-signer/1.11.651/aws-java-sdk-signer-1.11.651.jar:/Users/jonatasmacedo/.m2/repository/com/amazonaws/aws-java-sdk-dlm/1.11.651/aws-java-sdk-dlm-1.11.651.jar:/Users/jonatasmacedo/.m2/repository/com/amazonaws/aws-java-sdk-macie/1.11.651/aws-java-sdk-macie-1.11.651.jar:/Users/jonatasmacedo/.m2/repository/com/amazonaws/aws-java-sdk-eks/1.11.651/aws-java-sdk-eks-1.11.651.jar:/Users/jonatasmacedo/.m2/repository/com/amazonaws/aws-java-sdk-mediatailor/1.11.651/aws-java-sdk-mediatailor-1.11.651.jar:/Users/jonatasmacedo/.m2/repository/com/amazonaws/aws-java-sdk-neptune/1.11.651/aws-java-sdk-neptune-1.11.651.jar:/Users/jonatasmacedo/.m2/repository/com/amazonaws/aws-java-sdk-pi/1.11.651/aws-java-sdk-pi-1.11.651.jar:/Users/jonatasmacedo/.m2/repository/com/amazonaws/aws-java-sdk-iot1clickprojects/1.11.651/aws-java-sdk-iot1clickprojects-1.11.651.jar:/Users/jonatasmacedo/.m2/repository/com/amazonaws/aws-java-sdk-iot1clickdevices/1.11.651/aws-java-sdk-iot1clickdevices-1.11.651.jar:/Users/jonatasmacedo/.m2/repository/com/amazonaws/aws-java-sdk-iotanalytics/1.11.651/aws-java-sdk-iotanalytics-1.11.651.jar:/Users/jonatasmacedo/.m2/repository/com/amazonaws/aws-java-sdk-acmpca/1.11.651/aws-java-sdk-acmpca-1.11.651.jar:/Users/jonatasmacedo/.m2/repository/com/amazonaws/aws-java-sdk-secretsmanager/1.11.651/aws-java-sdk-secretsmanager-1.11.651.jar:/Users/jonatasmacedo/.m2/repository/com/amazonaws/aws-java-sdk-fms/1.11.651/aws-java-sdk-fms-1.11.651.jar:/Users/jonatasmacedo/.m2/repository/com/amazonaws/aws-java-sdk-connect/1.11.651/aws-java-sdk-connect-1.11.651.jar:/Users/jonatasmacedo/.m2/repository/com/amazonaws/aws-java-sdk-transcribe/1.11.651/aws-java-sdk-transcribe-1.11.651.jar:/Users/jonatasmacedo/.m2/repository/com/amazonaws/aws-java-sdk-autoscalingplans/1.11.651/aws-java-sdk-autoscalingplans-1.11.651.jar:/Users/jonatasmacedo/.m2/repository/com/amazonaws/aws-java-sdk-workmail/1.11.651/aws-java-sdk-workmail-1.11.651.jar:/Users/jonatasmacedo/.m2/repository/com/amazonaws/aws-java-sdk-servicediscovery/1.11.651/aws-java-sdk-servicediscovery-1.11.651.jar:/Users/jonatasmacedo/.m2/repository/com/amazonaws/aws-java-sdk-cloud9/1.11.651/aws-java-sdk-cloud9-1.11.651.jar:/Users/jonatasmacedo/.m2/repository/com/amazonaws/aws-java-sdk-serverlessapplicationrepository/1.11.651/aws-java-sdk-serverlessapplicationrepository-1.11.651.jar:/Users/jonatasmacedo/.m2/repository/com/amazonaws/aws-java-sdk-alexaforbusiness/1.11.651/aws-java-sdk-alexaforbusiness-1.11.651.jar:/Users/jonatasmacedo/.m2/repository/com/amazonaws/aws-java-sdk-resourcegroups/1.11.651/aws-java-sdk-resourcegroups-1.11.651.jar:/Users/jonatasmacedo/.m2/repository/com/amazonaws/aws-java-sdk-comprehend/1.11.651/aws-java-sdk-comprehend-1.11.651.jar:/Users/jonatasmacedo/.m2/repository/com/amazonaws/aws-java-sdk-translate/1.11.651/aws-java-sdk-translate-1.11.651.jar:/Users/jonatasmacedo/.m2/repository/com/amazonaws/aws-java-sdk-sagemaker/1.11.651/aws-java-sdk-sagemaker-1.11.651.jar:/Users/jonatasmacedo/.m2/repository/com/amazonaws/aws-java-sdk-iotjobsdataplane/1.11.651/aws-java-sdk-iotjobsdataplane-1.11.651.jar:/Users/jonatasmacedo/.m2/repository/com/amazonaws/aws-java-sdk-sagemakerruntime/1.11.651/aws-java-sdk-sagemakerruntime-1.11.651.jar:/Users/jonatasmacedo/.m2/repository/com/amazonaws/aws-java-sdk-kinesisvideo/1.11.651/aws-java-sdk-kinesisvideo-1.11.651.jar:/Users/jonatasmacedo/.m2/repository/io/netty/netty-codec-http/4.1.43.Final/netty-codec-http-4.1.43.Final.jar:/Users/jonatasmacedo/.m2/repository/io/netty/netty-common/4.1.43.Final/netty-common-4.1.43.Final.jar:/Users/jonatasmacedo/.m2/repository/io/netty/netty-buffer/4.1.43.Final/netty-buffer-4.1.43.Final.jar:/Users/jonatasmacedo/.m2/repository/io/netty/netty-transport/4.1.43.Final/netty-transport-4.1.43.Final.jar:/Users/jonatasmacedo/.m2/repository/io/netty/netty-resolver/4.1.43.Final/netty-resolver-4.1.43.Final.jar:/Users/jonatasmacedo/.m2/repository/io/netty/netty-codec/4.1.43.Final/netty-codec-4.1.43.Final.jar:/Users/jonatasmacedo/.m2/repository/io/netty/netty-handler/4.1.43.Final/netty-handler-4.1.43.Final.jar:/Users/jonatasmacedo/.m2/repository/com/amazonaws/aws-java-sdk-appsync/1.11.651/aws-java-sdk-appsync-1.11.651.jar:/Users/jonatasmacedo/.m2/repository/com/amazonaws/aws-java-sdk-guardduty/1.11.651/aws-java-sdk-guardduty-1.11.651.jar:/Users/jonatasmacedo/.m2/repository/com/amazonaws/aws-java-sdk-mq/1.11.651/aws-java-sdk-mq-1.11.651.jar:/Users/jonatasmacedo/.m2/repository/com/amazonaws/aws-java-sdk-mediaconvert/1.11.651/aws-java-sdk-mediaconvert-1.11.651.jar:/Users/jonatasmacedo/.m2/repository/com/amazonaws/aws-java-sdk-mediastore/1.11.651/aws-java-sdk-mediastore-1.11.651.jar:/Users/jonatasmacedo/.m2/repository/com/amazonaws/aws-java-sdk-mediastoredata/1.11.651/aws-java-sdk-mediastoredata-1.11.651.jar:/Users/jonatasmacedo/.m2/repository/com/amazonaws/aws-java-sdk-medialive/1.11.651/aws-java-sdk-medialive-1.11.651.jar:/Users/jonatasmacedo/.m2/repository/com/amazonaws/aws-java-sdk-mediapackage/1.11.651/aws-java-sdk-mediapackage-1.11.651.jar:/Users/jonatasmacedo/.m2/repository/com/amazonaws/aws-java-sdk-costexplorer/1.11.651/aws-java-sdk-costexplorer-1.11.651.jar:/Users/jonatasmacedo/.m2/repository/com/amazonaws/aws-java-sdk-pricing/1.11.651/aws-java-sdk-pricing-1.11.651.jar:/Users/jonatasmacedo/.m2/repository/com/amazonaws/aws-java-sdk-mobile/1.11.651/aws-java-sdk-mobile-1.11.651.jar:/Users/jonatasmacedo/.m2/repository/com/amazonaws/aws-java-sdk-cloudhsmv2/1.11.651/aws-java-sdk-cloudhsmv2-1.11.651.jar:/Users/jonatasmacedo/.m2/repository/com/amazonaws/aws-java-sdk-glue/1.11.651/aws-java-sdk-glue-1.11.651.jar:/Users/jonatasmacedo/.m2/repository/com/amazonaws/aws-java-sdk-migrationhub/1.11.651/aws-java-sdk-migrationhub-1.11.651.jar:/Users/jonatasmacedo/.m2/repository/com/amazonaws/aws-java-sdk-dax/1.11.651/aws-java-sdk-dax-1.11.651.jar:/Users/jonatasmacedo/.m2/repository/com/amazonaws/aws-java-sdk-greengrass/1.11.651/aws-java-sdk-greengrass-1.11.651.jar:/Users/jonatasmacedo/.m2/repository/com/amazonaws/aws-java-sdk-athena/1.11.651/aws-java-sdk-athena-1.11.651.jar:/Users/jonatasmacedo/.m2/repository/com/amazonaws/aws-java-sdk-marketplaceentitlement/1.11.651/aws-java-sdk-marketplaceentitlement-1.11.651.jar:/Users/jonatasmacedo/.m2/repository/com/amazonaws/aws-java-sdk-codestar/1.11.651/aws-java-sdk-codestar-1.11.651.jar:/Users/jonatasmacedo/.m2/repository/com/amazonaws/aws-java-sdk-lexmodelbuilding/1.11.651/aws-java-sdk-lexmodelbuilding-1.11.651.jar:/Users/jonatasmacedo/.m2/repository/com/amazonaws/aws-java-sdk-resourcegroupstaggingapi/1.11.651/aws-java-sdk-resourcegroupstaggingapi-1.11.651.jar:/Users/jonatasmacedo/.m2/repository/com/amazonaws/aws-java-sdk-pinpoint/1.11.651/aws-java-sdk-pinpoint-1.11.651.jar:/Users/jonatasmacedo/.m2/repository/com/amazonaws/aws-java-sdk-xray/1.11.651/aws-java-sdk-xray-1.11.651.jar:/Users/jonatasmacedo/.m2/repository/com/amazonaws/aws-java-sdk-opsworkscm/1.11.651/aws-java-sdk-opsworkscm-1.11.651.jar:/Users/jonatasmacedo/.m2/repository/com/amazonaws/aws-java-sdk-support/1.11.651/aws-java-sdk-support-1.11.651.jar:/Users/jonatasmacedo/.m2/repository/com/amazonaws/aws-java-sdk-simpledb/1.11.651/aws-java-sdk-simpledb-1.11.651.jar:/Users/jonatasmacedo/.m2/repository/com/amazonaws/aws-java-sdk-servicecatalog/1.11.651/aws-java-sdk-servicecatalog-1.11.651.jar:/Users/jonatasmacedo/.m2/repository/com/amazonaws/aws-java-sdk-servermigration/1.11.651/aws-java-sdk-servermigration-1.11.651.jar:/Users/jonatasmacedo/.m2/repository/com/amazonaws/aws-java-sdk-simpleworkflow/1.11.651/aws-java-sdk-simpleworkflow-1.11.651.jar:/Users/jonatasmacedo/.m2/repository/com/amazonaws/aws-java-sdk-storagegateway/1.11.651/aws-java-sdk-storagegateway-1.11.651.jar:/Users/jonatasmacedo/.m2/repository/com/amazonaws/aws-java-sdk-route53/1.11.651/aws-java-sdk-route53-1.11.651.jar:/Users/jonatasmacedo/.m2/repository/com/amazonaws/aws-java-sdk-s3/1.11.651/aws-java-sdk-s3-1.11.651.jar:/Users/jonatasmacedo/.m2/repository/com/amazonaws/aws-java-sdk-importexport/1.11.651/aws-java-sdk-importexport-1.11.651.jar:/Users/jonatasmacedo/.m2/repository/com/amazonaws/aws-java-sdk-sts/1.11.651/aws-java-sdk-sts-1.11.651.jar:/Users/jonatasmacedo/.m2/repository/com/amazonaws/aws-java-sdk-sqs/1.11.651/aws-java-sdk-sqs-1.11.651.jar:/Users/jonatasmacedo/.m2/repository/com/amazonaws/aws-java-sdk-rds/1.11.651/aws-java-sdk-rds-1.11.651.jar:/Users/jonatasmacedo/.m2/repository/com/amazonaws/aws-java-sdk-redshift/1.11.651/aws-java-sdk-redshift-1.11.651.jar:/Users/jonatasmacedo/.m2/repository/com/amazonaws/aws-java-sdk-elasticbeanstalk/1.11.651/aws-java-sdk-elasticbeanstalk-1.11.651.jar:/Users/jonatasmacedo/.m2/repository/com/amazonaws/aws-java-sdk-glacier/1.11.651/aws-java-sdk-glacier-1.11.651.jar:/Users/jonatasmacedo/.m2/repository/com/amazonaws/aws-java-sdk-iam/1.11.651/aws-java-sdk-iam-1.11.651.jar:/Users/jonatasmacedo/.m2/repository/com/amazonaws/aws-java-sdk-datapipeline/1.11.651/aws-java-sdk-datapipeline-1.11.651.jar:/Users/jonatasmacedo/.m2/repository/com/amazonaws/aws-java-sdk-elasticloadbalancing/1.11.651/aws-java-sdk-elasticloadbalancing-1.11.651.jar:/Users/jonatasmacedo/.m2/repository/com/amazonaws/aws-java-sdk-elasticloadbalancingv2/1.11.651/aws-java-sdk-elasticloadbalancingv2-1.11.651.jar:/Users/jonatasmacedo/.m2/repository/com/amazonaws/aws-java-sdk-emr/1.11.651/aws-java-sdk-emr-1.11.651.jar:/Users/jonatasmacedo/.m2/repository/com/amazonaws/aws-java-sdk-elasticache/1.11.651/aws-java-sdk-elasticache-1.11.651.jar:/Users/jonatasmacedo/.m2/repository/com/amazonaws/aws-java-sdk-elastictranscoder/1.11.651/aws-java-sdk-elastictranscoder-1.11.651.jar:/Users/jonatasmacedo/.m2/repository/com/amazonaws/aws-java-sdk-ec2/1.11.651/aws-java-sdk-ec2-1.11.651.jar:/Users/jonatasmacedo/.m2/repository/com/amazonaws/aws-java-sdk-dynamodb/1.11.651/aws-java-sdk-dynamodb-1.11.651.jar:/Users/jonatasmacedo/.m2/repository/com/amazonaws/aws-java-sdk-sns/1.11.651/aws-java-sdk-sns-1.11.651.jar:/Users/jonatasmacedo/.m2/repository/com/amazonaws/aws-java-sdk-budgets/1.11.651/aws-java-sdk-budgets-1.11.651.jar:/Users/jonatasmacedo/.m2/repository/com/amazonaws/aws-java-sdk-cloudtrail/1.11.651/aws-java-sdk-cloudtrail-1.11.651.jar:/Users/jonatasmacedo/.m2/repository/com/amazonaws/aws-java-sdk-cloudwatch/1.11.651/aws-java-sdk-cloudwatch-1.11.651.jar:/Users/jonatasmacedo/.m2/repository/com/amazonaws/aws-java-sdk-logs/1.11.651/aws-java-sdk-logs-1.11.651.jar:/Users/jonatasmacedo/.m2/repository/com/amazonaws/aws-java-sdk-events/1.11.651/aws-java-sdk-events-1.11.651.jar:/Users/jonatasmacedo/.m2/repository/com/amazonaws/aws-java-sdk-cognitoidentity/1.11.651/aws-java-sdk-cognitoidentity-1.11.651.jar:/Users/jonatasmacedo/.m2/repository/com/amazonaws/aws-java-sdk-cognitosync/1.11.651/aws-java-sdk-cognitosync-1.11.651.jar:/Users/jonatasmacedo/.m2/repository/com/amazonaws/aws-java-sdk-directconnect/1.11.651/aws-java-sdk-directconnect-1.11.651.jar:/Users/jonatasmacedo/.m2/repository/com/amazonaws/aws-java-sdk-cloudformation/1.11.651/aws-java-sdk-cloudformation-1.11.651.jar:/Users/jonatasmacedo/.m2/repository/com/amazonaws/aws-java-sdk-cloudfront/1.11.651/aws-java-sdk-cloudfront-1.11.651.jar:/Users/jonatasmacedo/.m2/repository/com/amazonaws/aws-java-sdk-clouddirectory/1.11.651/aws-java-sdk-clouddirectory-1.11.651.jar:/Users/jonatasmacedo/.m2/repository/com/amazonaws/aws-java-sdk-kinesis/1.11.651/aws-java-sdk-kinesis-1.11.651.jar:/Users/jonatasmacedo/.m2/repository/com/amazonaws/aws-java-sdk-opsworks/1.11.651/aws-java-sdk-opsworks-1.11.651.jar:/Users/jonatasmacedo/.m2/repository/com/amazonaws/aws-java-sdk-ses/1.11.651/aws-java-sdk-ses-1.11.651.jar:/Users/jonatasmacedo/.m2/repository/com/amazonaws/aws-java-sdk-autoscaling/1.11.651/aws-java-sdk-autoscaling-1.11.651.jar:/Users/jonatasmacedo/.m2/repository/com/amazonaws/aws-java-sdk-cloudsearch/1.11.651/aws-java-sdk-cloudsearch-1.11.651.jar:/Users/jonatasmacedo/.m2/repository/com/amazonaws/aws-java-sdk-cloudwatchmetrics/1.11.651/aws-java-sdk-cloudwatchmetrics-1.11.651.jar:/Users/jonatasmacedo/.m2/repository/com/amazonaws/aws-java-sdk-codedeploy/1.11.651/aws-java-sdk-codedeploy-1.11.651.jar:/Users/jonatasmacedo/.m2/repository/com/amazonaws/aws-java-sdk-codepipeline/1.11.651/aws-java-sdk-codepipeline-1.11.651.jar:/Users/jonatasmacedo/.m2/repository/com/amazonaws/aws-java-sdk-kms/1.11.651/aws-java-sdk-kms-1.11.651.jar:/Users/jonatasmacedo/.m2/repository/com/amazonaws/aws-java-sdk-config/1.11.651/aws-java-sdk-config-1.11.651.jar:/Users/jonatasmacedo/.m2/repository/com/amazonaws/aws-java-sdk-lambda/1.11.651/aws-java-sdk-lambda-1.11.651.jar:/Users/jonatasmacedo/.m2/repository/com/amazonaws/aws-java-sdk-ecs/1.11.651/aws-java-sdk-ecs-1.11.651.jar:/Users/jonatasmacedo/.m2/repository/com/amazonaws/aws-java-sdk-ecr/1.11.651/aws-java-sdk-ecr-1.11.651.jar:/Users/jonatasmacedo/.m2/repository/com/amazonaws/aws-java-sdk-cloudhsm/1.11.651/aws-java-sdk-cloudhsm-1.11.651.jar:/Users/jonatasmacedo/.m2/repository/com/amazonaws/aws-java-sdk-ssm/1.11.651/aws-java-sdk-ssm-1.11.651.jar:/Users/jonatasmacedo/.m2/repository/com/amazonaws/aws-java-sdk-workspaces/1.11.651/aws-java-sdk-workspaces-1.11.651.jar:/Users/jonatasmacedo/.m2/repository/com/amazonaws/aws-java-sdk-machinelearning/1.11.651/aws-java-sdk-machinelearning-1.11.651.jar:/Users/jonatasmacedo/.m2/repository/com/amazonaws/aws-java-sdk-directory/1.11.651/aws-java-sdk-directory-1.11.651.jar:/Users/jonatasmacedo/.m2/repository/com/amazonaws/aws-java-sdk-efs/1.11.651/aws-java-sdk-efs-1.11.651.jar:/Users/jonatasmacedo/.m2/repository/com/amazonaws/aws-java-sdk-codecommit/1.11.651/aws-java-sdk-codecommit-1.11.651.jar:/Users/jonatasmacedo/.m2/repository/com/amazonaws/aws-java-sdk-devicefarm/1.11.651/aws-java-sdk-devicefarm-1.11.651.jar:/Users/jonatasmacedo/.m2/repository/com/amazonaws/aws-java-sdk-elasticsearch/1.11.651/aws-java-sdk-elasticsearch-1.11.651.jar:/Users/jonatasmacedo/.m2/repository/com/amazonaws/aws-java-sdk-waf/1.11.651/aws-java-sdk-waf-1.11.651.jar:/Users/jonatasmacedo/.m2/repository/com/amazonaws/aws-java-sdk-marketplacecommerceanalytics/1.11.651/aws-java-sdk-marketplacecommerceanalytics-1.11.651.jar:/Users/jonatasmacedo/.m2/repository/com/amazonaws/aws-java-sdk-inspector/1.11.651/aws-java-sdk-inspector-1.11.651.jar:/Users/jonatasmacedo/.m2/repository/com/amazonaws/aws-java-sdk-iot/1.11.651/aws-java-sdk-iot-1.11.651.jar:/Users/jonatasmacedo/.m2/repository/com/amazonaws/aws-java-sdk-api-gateway/1.11.651/aws-java-sdk-api-gateway-1.11.651.jar:/Users/jonatasmacedo/.m2/repository/com/amazonaws/aws-java-sdk-acm/1.11.651/aws-java-sdk-acm-1.11.651.jar:/Users/jonatasmacedo/.m2/repository/com/amazonaws/aws-java-sdk-gamelift/1.11.651/aws-java-sdk-gamelift-1.11.651.jar:/Users/jonatasmacedo/.m2/repository/com/amazonaws/aws-java-sdk-dms/1.11.651/aws-java-sdk-dms-1.11.651.jar:/Users/jonatasmacedo/.m2/repository/com/amazonaws/aws-java-sdk-marketplacemeteringservice/1.11.651/aws-java-sdk-marketplacemeteringservice-1.11.651.jar:/Users/jonatasmacedo/.m2/repository/com/amazonaws/aws-java-sdk-cognitoidp/1.11.651/aws-java-sdk-cognitoidp-1.11.651.jar:/Users/jonatasmacedo/.m2/repository/com/amazonaws/aws-java-sdk-discovery/1.11.651/aws-java-sdk-discovery-1.11.651.jar:/Users/jonatasmacedo/.m2/repository/com/amazonaws/aws-java-sdk-applicationautoscaling/1.11.651/aws-java-sdk-applicationautoscaling-1.11.651.jar:/Users/jonatasmacedo/.m2/repository/com/amazonaws/aws-java-sdk-snowball/1.11.651/aws-java-sdk-snowball-1.11.651.jar:/Users/jonatasmacedo/.m2/repository/com/amazonaws/aws-java-sdk-rekognition/1.11.651/aws-java-sdk-rekognition-1.11.651.jar:/Users/jonatasmacedo/.m2/repository/com/amazonaws/aws-java-sdk-polly/1.11.651/aws-java-sdk-polly-1.11.651.jar:/Users/jonatasmacedo/.m2/repository/com/amazonaws/aws-java-sdk-lightsail/1.11.651/aws-java-sdk-lightsail-1.11.651.jar:/Users/jonatasmacedo/.m2/repository/com/amazonaws/aws-java-sdk-stepfunctions/1.11.651/aws-java-sdk-stepfunctions-1.11.651.jar:/Users/jonatasmacedo/.m2/repository/com/amazonaws/aws-java-sdk-health/1.11.651/aws-java-sdk-health-1.11.651.jar:/Users/jonatasmacedo/.m2/repository/com/amazonaws/aws-java-sdk-costandusagereport/1.11.651/aws-java-sdk-costandusagereport-1.11.651.jar:/Users/jonatasmacedo/.m2/repository/com/amazonaws/aws-java-sdk-codebuild/1.11.651/aws-java-sdk-codebuild-1.11.651.jar:/Users/jonatasmacedo/.m2/repository/com/amazonaws/aws-java-sdk-appstream/1.11.651/aws-java-sdk-appstream-1.11.651.jar:/Users/jonatasmacedo/.m2/repository/com/amazonaws/aws-java-sdk-shield/1.11.651/aws-java-sdk-shield-1.11.651.jar:/Users/jonatasmacedo/.m2/repository/com/amazonaws/aws-java-sdk-batch/1.11.651/aws-java-sdk-batch-1.11.651.jar:/Users/jonatasmacedo/.m2/repository/com/amazonaws/aws-java-sdk-lex/1.11.651/aws-java-sdk-lex-1.11.651.jar:/Users/jonatasmacedo/.m2/repository/com/amazonaws/aws-java-sdk-mechanicalturkrequester/1.11.651/aws-java-sdk-mechanicalturkrequester-1.11.651.jar:/Users/jonatasmacedo/.m2/repository/com/amazonaws/aws-java-sdk-organizations/1.11.651/aws-java-sdk-organizations-1.11.651.jar:/Users/jonatasmacedo/.m2/repository/com/amazonaws/aws-java-sdk-workdocs/1.11.651/aws-java-sdk-workdocs-1.11.651.jar:/Users/jonatasmacedo/.m2/repository/com/amazonaws/aws-java-sdk-core/1.11.651/aws-java-sdk-core-1.11.651.jar:/Users/jonatasmacedo/.m2/repository/commons-logging/commons-logging/1.1.3/commons-logging-1.1.3.jar:/Users/jonatasmacedo/.m2/repository/org/apache/httpcomponents/httpclient/4.5.10/httpclient-4.5.10.jar:/Users/jonatasmacedo/.m2/repository/org/apache/httpcomponents/httpcore/4.4.12/httpcore-4.4.12.jar:/Users/jonatasmacedo/.m2/repository/software/amazon/ion/ion-java/1.0.2/ion-java-1.0.2.jar:/Users/jonatasmacedo/.m2/repository/com/fasterxml/jackson/dataformat/jackson-dataformat-cbor/2.10.1/jackson-dataformat-cbor-2.10.1.jar:/Users/jonatasmacedo/.m2/repository/joda-time/joda-time/2.10.5/joda-time-2.10.5.jar:/Users/jonatasmacedo/.m2/repository/com/amazonaws/aws-java-sdk-models/1.11.651/aws-java-sdk-models-1.11.651.jar:/Users/jonatasmacedo/.m2/repository/com/amazonaws/aws-java-sdk-swf-libraries/1.11.22/aws-java-sdk-swf-libraries-1.11.22.jar:"/>
    <property name="sun.cpu.endian" value="little"/>
    <property name="user.home" value="/Users/jonatasmacedo"/>
    <property name="user.language" value="en"/>
    <property name="java.specification.vendor" value="Oracle Corporation"/>
    <property name="java.home" value="/Library/Java/JavaVirtualMachines/jdk1.8.0_231.jdk/Contents/Home/jre"/>
    <property name="basedir" value="/Users/jonatasmacedo/eclipse-workspace/projetos/spring-curso/spring-curso"/>
    <property name="file.separator" value="/"/>
    <property name="line.separator" value="&#10;"/>
    <property name="java.vm.specification.vendor" value="Oracle Corporation"/>
    <property name="java.specification.name" value="Java Platform API Specification"/>
    <property name="java.awt.graphicsenv" value="sun.awt.CGraphicsEnvironment"/>
    <property name="surefire.real.class.path" value="/Users/jonatasmacedo/eclipse-workspace/projetos/spring-curso/spring-curso/target/surefire/surefirebooter832048043422045982.jar"/>
    <property name="sun.boot.class.path" value="/Library/Java/JavaVirtualMachines/jdk1.8.0_231.jdk/Contents/Home/jre/lib/resources.jar:/Library/Java/JavaVirtualMachines/jdk1.8.0_231.jdk/Contents/Home/jre/lib/rt.jar:/Library/Java/JavaVirtualMachines/jdk1.8.0_231.jdk/Contents/Home/jre/lib/sunrsasign.jar:/Library/Java/JavaVirtualMachines/jdk1.8.0_231.jdk/Contents/Home/jre/lib/jsse.jar:/Library/Java/JavaVirtualMachines/jdk1.8.0_231.jdk/Contents/Home/jre/lib/jce.jar:/Library/Java/JavaVirtualMachines/jdk1.8.0_231.jdk/Contents/Home/jre/lib/charsets.jar:/Library/Java/JavaVirtualMachines/jdk1.8.0_231.jdk/Contents/Home/jre/lib/jfr.jar:/Library/Java/JavaVirtualMachines/jdk1.8.0_231.jdk/Contents/Home/jre/classes"/>
    <property name="sun.management.compiler" value="HotSpot 64-Bit Tiered Compilers"/>
    <property name="ftp.nonProxyHosts" value="local|*.local|169.254/16|*.169.254/16"/>
    <property name="java.runtime.version" value="1.8.0_231-b11"/>
    <property name="user.name" value="jonatasmacedo"/>
    <property name="path.separator" value=":"/>
    <property name="os.version" value="10.15.3"/>
    <property name="java.endorsed.dirs" value="/Library/Java/JavaVirtualMachines/jdk1.8.0_231.jdk/Contents/Home/jre/lib/endorsed"/>
    <property name="java.runtime.name" value="Java(TM) SE Runtime Environment"/>
    <property name="file.encoding" value="UTF-8"/>
    <property name="java.vm.name" value="Java HotSpot(TM) 64-Bit Server VM"/>
    <property name="localRepository" value="/Users/jonatasmacedo/.m2/repository"/>
    <property name="java.vendor.url.bug" value="http://bugreport.sun.com/bugreport/"/>
    <property name="java.io.tmpdir" value="/var/folders/g7/6j6c7j514t7_p3l9h7b8876c0000gn/T/"/>
    <property name="java.version" value="1.8.0_231"/>
    <property name="user.dir" value="/Users/jonatasmacedo/eclipse-workspace/projetos/spring-curso/spring-curso"/>
    <property name="os.arch" value="x86_64"/>
    <property name="java.vm.specification.name" value="Java Virtual Machine Specification"/>
    <property name="java.awt.printerjob" value="sun.lwawt.macosx.CPrinterJob"/>
    <property name="sun.os.patch.level" value="unknown"/>
    <property name="java.library.path" value="/Users/jonatasmacedo/Library/Java/Extensions:/Library/Java/Extensions:/Network/Library/Java/Extensions:/System/Library/Java/Extensions:/usr/lib/java:."/>
    <property name="java.vm.info" value="mixed mode"/>
    <property name="java.vendor" value="Oracle Corporation"/>
    <property name="java.vm.version" value="25.231-b11"/>
    <property name="java.ext.dirs" value="/Users/jonatasmacedo/Library/Java/Extensions:/Library/Java/JavaVirtualMachines/jdk1.8.0_231.jdk/Contents/Home/jre/lib/ext:/Library/Java/Extensions:/Network/Library/Java/Extensions:/System/Library/Java/Extensions:/usr/lib/java"/>
    <property name="sun.io.unicode.encoding" value="UnicodeBig"/>
    <property name="java.class.version" value="52.0"/>
    <property name="socksNonProxyHosts" value="local|*.local|169.254/16|*.169.254/16"/>
  </properties>
  <testcase name="aSaveTest" classname="com.springcurso.repository.ResquestStageRepositoryTests" time="0.04">
    <failure message="&#10;Expecting:&#10; &lt;17L&gt;&#10;to be equal to:&#10; &lt;1L&gt;&#10;but was not." type="org.opentest4j.AssertionFailedError"><![CDATA[org.opentest4j.AssertionFailedError: 

Expecting:
 <17L>
to be equal to:
 <1L>
but was not.
	at com.springcurso.repository.ResquestStageRepositoryTests.aSaveTest(ResquestStageRepositoryTests.java:42)
]]></failure>
    <system-out><![CDATA[Hibernate: insert into request_stage (description, realization_date, request_id, state, user_id) values (?, ?, ?, ?, ?)
Hibernate: select currval('request_stage_id_seq')
]]></system-out>
  </testcase>
  <testcase name="fingByIdTest" classname="com.springcurso.repository.ResquestStageRepositoryTests" time="0.023"/>
</testsuite>